886 383
915 777
335 793
492 386
421 649
27 362
59 690
926 763
426 540
736 172
368 211
429 567
530 782
123 862
135 67
802 929
58 22
167 69
456 393
42 11
373 229
919 421
537 784
324 198
370 315
526 413
980 91
873 956
170 862
281 996
925 305
327 84
505 336
729 846
857 313
895 124
545 582
367 814
364 434
750 43
808 87
178 276
584 788
651 403
399 754
60 932
368 676
12 739
586 226
539 94
570 795
378 434
601 467
902 97
492 317
756 652
280 301
441 286
689 865
619 444
729 440
117 31
771 97
675 481
927 709
856 567
353 497
965 586
683 306
624 219
871 528
829 732
19 503
368 270
715 708
149 340
723 796
245 618
451 846
555 921
488 379
228 764
350 841
500 193
764 34
914 124
856 987
491 743
365 227
936 859
551 432
228 437
407 275
121 474
395 858
237 29
793 235
428 818
11 143
529 928
404 776
763 443
538 613
840 606
818 904
688 128
917 369
996 917
743 324
183 470
499 490
725 772
590 644
139 505
786 954
82 669
464 542
507 197
804 355
611 348
828 622
343 299
568 746
422 340
810 311
801 605
730 661
305 878
736 320
626 444
465 522
416 708
258 282
637 924
624 62
36 600
899 452
550 379
71 468
131 973
930 881
894 933
163 660
981 199
996 899
773 959
668 813
95 190
466 926
340 84
684 90
542 376
107 936
756 445
418 179
412 887
172 348
9 659
210 336
587 342
301 206
372 713
255 321
599 819
904 721
811 939
667 940
228 705
150 127
658 984
224 920
269 422
81 396
84 630
972 292
850 672
385 625
299 222
42 640
713 898
190 298
590 524
581 209
336 819
155 732
4 994
769 379
776 273
255 850
142 860
884 579
205 993
567 621
613 504
754 961
259 326
202 944
506 202
21 784
868 842
189 528
908 872
498 958
808 36
248 753
333 303
648 133
754 890
746 567
529 368
46 500
797 788
990 249
33 303
497 363
892 253
125 686
996 152
188 975
729 157
460 436
921 414
304 460
27 28
748 50
902 556
697 794
43 699
2 39
403 428
681 500
538 647
151 159
134 535
692 339
127 215
629 504
964 49
429 285
335 343
900 177
971 238
289 949
988 367
795 292
144 743
390 829
340 682
569 541
232 826
42 261
117 360
761 23
309 81
425 190
367 996
234 677
626 690
57 524
168 614
358 205
386 312
346 100
994 726
552 916
529 578
290 946
970 647
80 51
593 631
627 857
886 312
355 214
90 512
479 412
969 610
274 189
641 355
433 620
888 987
566 338
284 770
417 856
260 606
237 849
59 205
518 217
783 945
458 873
637 873
483 289
478 607
314 757
729 471
459 100
438 618
388 25
233 74
681 157
358 493
699 270
839 417
363 569
794 622
847 173
462 431
390 682
791 292
115 57
157 521
491 574
951 947
21 231
740 537
30 54
325 98
516 81
2 516
139 231
404 796
580 338
21 218
862 970
379 812
685 977
904 536
483 176
759 207
744 857
911 499
950 127
560 236
105 818
49 563
711 244
934 805
375 291
614 955
768 589
918 993
882 805
982 822
30 717
574 93
593 126
253 486
74 543
713 814
377 179
775 762
919 88
732 710
17 294
235 346
691 137
943 153
328 573
291 925
18 710
836 217
55 963
858 90
904 130
661 571
685 633
73 789
851 604
250 805
503 868
6 485
639 195
120 949
226 967
677 763
981 596
560 865
955 36
518 770
342 211
196 532
321 379
984 270
427 172
40 234
72 283
830 398
347 63
30 950
714 573
522 59
924 47
435 82
204 232
443 954
486 898
278 640
262 159
683 262
848 41
324 723
122 272
335 154
457 821
747 365
776 171
218 269
703 701
933 653
959 907
806 728
720 797
308 84
698 334
376 991
715 898
171 52
559 189
10 506
224 16
539 109
378 0
53 109
114 81
989 338
67 426
223 147
231 787
122 532
875 281
179 850
254 590
131 350
857 813
181 494
603 81
433 720
181 982
415 487
825 296
722 404
551 892
32 297
181 134
415 506
708 57
999 595
297 962
776 483
977 154
587 309
382 932
266 21
860 563
211 682
86 685
930 285
583 990
476 314
820 116
525 892
839 528
490 525
360 136
643 618
928 337
621 582
955 310
225 888
570 815
853 437
722 8
350 783
97 657
126 827
71 269
149 651
528 910
398 639
610 888
577 393
976 890
552 199
87 931
99 777
566 657
17 952
735 641
298 368
195 184
805 776
428 266
528 954
593 308
197 278
672 555
445 774
325 0
283 997
127 412
421 382
334 693
334 439
159 421
957 985
761 354
972 762
716 541
850 852
482 662
217 399
173 154
506 15
364 851
263 790
172 491
537 37
828 859
280 871
856 987
341 590
352 970
511 665
517 69
83 361
112 351
506 300
667 638
489 364
154 32
875 104
141 679
538 412
636 969
956 170
760 844
814 649
314 465
886 326
39 183
535 969
621 152
790 393
109 289
673 631
735 264
295 548
313 877
198 833
355 949
793 155
156 468
933 960
286 823
358 171
140 677
181 245
990 761
50 323
954 100
364 75
624 42
919 659
844 289
238 469
976 551
19 383
343 133
956 304
475 981
11 666
912 967
729 192
868 902
2 131
207 174
216 718
377 183
472 487
957 573
125 62
797 933
418 496
153 141
474 726
393 980
948 485
30 305
559 29
160 898
424 562
280 719
902 641
480 10
583 726
140 789
723 708
557 938
431 493
220 710
690 905
391 613
270 638
667 421
671 829
743 180
899 95
88 24
386 154
232 569
710 969
30 373
663 433
279 587
649 94
351 499
464 339
330 742
515 86
915 349
881 186
634 11
387 133
287 722
643 773
742 519
244 354
139 124
63 259
353 418
269 712
404 705
799 733
819 734
435 315
853 87
450 669
802 487
562 837
610 89
960 205
911 704
829 557
816 403
821 892
605 522
579 443
528 361
447 378
45 700
787 882
551 899
386 589
426 353
794 948
506 36
92 107
664 417
820 921
166 480
354 994
437 123
484 933
312 317
17 931
165 709
608 156
745 69
422 995
295 171
559 569
676 801
571 652
925 340
172 743
89 91
566 527
812 878
196 50
333 124
186 213
370 499
568 794
141 115
639 342
263 437
590 198
202 939
631 513
257 128
571 804
683 346
225 138
540 495
972 421
634 226
725 158
952 356
472 645
339 446
883 111
661 603
542 825
339 216
344 174
330 596
294 267
757 13
860 519
292 650
876 832
990 279
635 953
598 295
741 107
570 937
540 976
801 584
800 83
609 492
440 496
763 939
304 735
606 873
523 164
349 251
530 751
704 339
986 165
625 302
591 79
407 547
131 484
919 561
53 931
427 528
819 494
581 543
768 123
639 187
438 643
394 988
680 320
486 98
752 18
98 463
10 695
179 505
66 142
425 98
978 472
966 853
748 797
272 547
86 516
159 912
900 877
197 553
3 932
951 35
498 107
154 49
906 861
3 334
784 325
797 428
633 763
560 115
14 381
897 185
97 100
329 408
313 349
634 879
914 316
775 585
986 765
626 930
616 892
569 629
409 752
515 366
833 395
776 428
613 847
300 26
786 62
763 629
508 100
416 397
982 775
540 544
826 320
565 518
499 794
546 134
853 908
303 62
842 686
534 432
810 807
869 834
815 596
696 984
382 324
451 465
361 716
37 343
861 187
981 602
88 360
620 879
293 941
628 924
708 135
942 162
996 870
466 163
500 811
487 515
332 234
950 290
633 693
880 339
293 494
854 213
444 382
323 475
751 738
873 951
465 811
681 168
683 813
977 499
14 535
769 464
107 346
391 72
411 740
587 623
836 57
439 793
620 281
371 114
418 371
534 596
764 883
697 567
67 800
335 674
490 433
132 457
529 949
690 523
147 292
349 629
422 335
968 140
255 43
766 339
936 25
260 653
220 52
204 957
983 287
721 540
997 826
127 205
728 878
170 169
798 227
563 520
660 221
616 883
223 267
292 382
35 511
563 553
862 608
895 768
660 198
376 968
173 9
887 503
673 254
481 57
929 823
44 396
280 942
209 12
747 855
366 854
759 134
742 281
401 973
171 638
958 413
422 899
755 484
90 661
71 780
603 923
320 0
942 0
12 952
807 504
358 759
894 525
158 117
90 636
626 560
973 614
865 937
421 748
409 620
400 863
786 832
833 4
356 458
410 127
631 368
128 569
446 341
458 374
10 605
165 901
867 989
926 490
238 732
705 699
562 0
832 457
461 348
807 17
497 169
538 569
139 128
470 18
392 585
542 280
533 754
743 707
550 400
485 21
720 788
140 190
647 634
983 325
694 461
630 142
63 191
320 520
538 554
492 142
422 930
685 34
94 308
708 780
802 644
784 545
87 522
157 925
602 735
548 492
986 296
840 530
51 49
956 512
654 589
872 448
482 428
88 557
337 576
220 797
694 139
14 5
282 782
869 523
15 236
884 417
299 353
754 724
236 350
292 710
158 242
23 164
721 641
569 111
260 410
902 790
147 955
89 916
439 781
17 958
375 806
511 901
978 674
377 265
976 566
161 669
833 134
127 536
999 906
316 697
839 260
567 570
486 986
767 8
966 277
435 136
37 693
719 946
212 367
934 96
117 540
674 95
631 950
208 802
851 630
242 525
447 690
676 161
169 934
563 795
931 135
180 351
297 320
688 900
996 861
401 974
69 114
416 428
582 52
682 625
502 433
123 277
790 949
235 151
946 960
447 799
502 229
549 628
528 799
13 589
563 876
990 766
194 984
36 759
384 776
209 71
700 238
539 684
835 490
450 775
926 781
362 250
878 428
579 264
853 758
634 944
711 769
105 977
736 257
34 142
565 472
710 595
632 265
107 249
376 467
601 558
160 302
82 963
227 38
796 14
958 433
554 430
407 669
927 659
801 495
967 313
260 718
335 29
631 892
712 443
353 7
662 313
628 513
551 96
110 856
641 699
481 69
90 195
854 889
736 369
682 8
726 704
733 295
187 414
857 364
724 251
564 210
723 738
834 193
401 626
325 945
366 394
589 806
47 456
826 795
803 784
840 860
155 882
648 573
290 695
946 505
67 366
104 863
408 790
768 290
235 161
555 93
251 601
410 144
291 651
435 588
448 447
681 275
200 956
651 329
834 842
560 949
164 901
43 664
955 572
733 811
256 542
496 640
136 859
510 258
846 428
875 297
924 294
250 556
885 125
319 253
555 71
324 880
896 719
644 367
530 203
746 729
370 786
645 594
852 858
286 508
805 698
344 513
421 730
207 947
200 658
729 878
758 107
179 53
772 7
210 175
904 302
440 308
902 626
485 86
946 106
804 123
637 751
833 501
448 410
69 392
271 0
108 150
556 381
388 287
462 328
983 951
259 718
345 423
861 514
972 182
657 807
911 129
630 294
57 744
137 78
78 126
628 760
141 186
825 184
865 882
833 639
358 848
623 444
310 55
589 485
644 283
412 246
893 555
300 42
120 950
428 789
549 550
737 56
241 42
924 914
554 458
658 109
554 264
319 281
118 216
499 260
506 763
318 263
305 399
701 970
111 777
328 129
186 12
55 417
683 779
589 979
89 237
853 247
880 995
211 524
784 999
114 711
326 643
42 784
107 632
761 96
225 218
231 441
210 763
894 286
617 894
483 835
82 58
53 337
213 315
314 617
680 998
641 780
564 6
638 35
131 23
242 752
545 709
824 825
463 756
2 71
906 80
491 485
174 989
656 544
161 388
738 970
102 841
848 379
766 18
42 838
942 250
959 284
461 488
596 135
206 924
356 598
435 113
454 847
744 962
702 110
432 257
451 440
171 886
904 299
489 289
539 946
582 784
272 850
986 43
319 868
818 192
657 676
875 253
215 463
925 619
877 269
709 709
595 680
331 232
522 500
446 820
956 413
264 29
424 228
448 250
794 744
772 618
872 804
267 647
619 439
709 193
254 848
528 770
355 850
350 859
31 229
642 148
177 988
568 906
508 954
698 369
987 303
107 470
469 211
3 726
271 440
288 64
186 526
376 816
27 541
122 78
226 59
399 765
23 404
358 967
688 532
187 408
230 676
239 294
372 51
492 242
306 644
522 780
949 493
386 898
976 328
387 509
626 202
958 138
458 649
181 668
428 146
174 720
14 658
62 414
656 739
735 554
334 315
160 257
507 635
964 546
55 483
37 703
842 33
683 348
368 300
446 216
937 149
159 621
387 303
42 221
775 43
710 777
386 462
97 870
417 893
728 61
117 824
858 766
466 959
259 893
109 186
335 57
30 46
702 495
716 417
813 96
874 492
306 523
394 260
506 403
817 163
339 234
352 934
893 549
442 818
5 504
913 904
302 692
187 944
361 4
101 256
748 526
50 327
939 54
809 796
311 445
680 626
912 2
552 32
203 157
661 346
250 560
252 927
871 553
557 440
48 584
111 10
337 148
554 513
661 277
74 363
342 324
326 754
139 254
764 878
225 342
902 777
704 827
380 154
946 575
160 290
300 994
142 623
488 990
619 696
412 149
825 693
448 754
360 151
382 587
929 124
902 959
786 183
337 606
534 167
809 636
630 46
669 109
451 125
173 157
658 70
764 585
339 483
986 564
503 52
176 368
327 432
967 430
37 466
633 304
292 571
617 794
255 275
400 638
147 707
777 573
159 157
992 893
457 850
902 978
347 960
744 431
861 26
492 711
368 898
821 477
271 660
287 790
780 879
586 687
613 279
436 363
609 124
974 428
759 66
27 229
660 458
484 771
835 873
124 329
158 203
215 945
88 782
661 503
542 868
500 247
962 155
631 936
717 571
638 958
187 476
934 17
140 199
72 770
451 327
882 196
494 610
392 98
953 582
802 53
652 847
355 654
591 614
538 986
944 660
488 528
545 483
34 422
544 37
365 107
655 996
606 247
697 149
83 350
403 2
850 238
892 55
21 205
191 835
495 911
439 488
323 983
757 336
726 358
465 302
650 91
690 120
622 608
958 388
390 57
295 361
768 240
797 540
375 141
53 341
829 223
558 844
533 152
510 316
970 259
350 327
800 972
580 40
780 774
831 538
899 171
763 479
19 19
512 561
254 746
969 917
762 83
587 528
196 295
554 450
129 166
138 256
296 929
55 718
608 429
600 887
718 507
878 715
628 737
835 390
308 882
317 805
685 422
69 257
707 881
399 623
879 836
118 889
607 527
956 173
412 215
74 908
976 130
219 304
46 956
839 55
212 706
128 508
765 897
130 197
172 472
661 529
418 403
283 131
656 377
944 591
852 69
551 370
26 828
784 123
530 72
779 975
484 94
991 259
809 249
74 473
2 981
737 735
866 772
501 20
611 874
943 445
167 815
643 847
322 193
617 780
107 204
298 396
8 591
193 289
762 817
150 267
354 116
240 887
259 572
446 741
538 223
38 742
589 705
250 682
814 263
467 867
616 921
865 765
406 624
441 58
325 520
988 591
831 679
251 228
969 90
313 697
791 859
916 352
386 732
995 166
385 200
473 814
579 1
977 338
396 337
857 418
362 73
104 845
425 193
635 707
405 746
605 949
653 548
281 873
39 39
591 276
91 777
130 64
755 22
360 108
526 151
577 569
415 240
433 681
389 192
939 69
370 146
694 896
770 23
414 975
604 161
938 5
421 695
69 69
177 176
680 429
999 55
296 257
938 766
958 81
502 679
825 249
146 224
247 872
847 916
77 661
18 451
498 16
437 440
616 568
349 966
21 296
905 348
466 669
751 196
875 777
26 605
830 53
925 172
88 429
443 772
576 518
886 461
901 426
994 323
289 870
518 696
396 662
332 424
620 863
640 435
392 847
900 18
543 222
4 825
950 983
501 447
908 878
304 387
62 162
32 651
347 351
366 902
326 743
958 50
837 298
498 950
969 229
804 398
576 512
847 808
255 878
108 349
736 163
677 764
415 151
854 709
612 114
210 220
270 290
941 168
471 107
689 439
189 440
304 493
653 117
347 151
852 908
423 455
572 941
92 101
162 339
454 946
519 126
769 16
184 789
249 710
501 655
447 290
783 42
512 103
607 788
696 211
19 811
752 471
924 591
930 196
143 87
565 736
752 662
803 334
396 289
296 404
694 897
292 96
199 829
617 156
367 158
322 665
137 386
977 74
271 61
500 908
996 766
780 66
400 749
38 935
340 797
46 334
430 386
216 690
846 982
492 185
851 214
952 814
241 340
753 930
190 864
630 254
672 186
287 762
697 72
221 325
660 389
776 620
310 442
424 992
529 509
75 269
83 380
720 27
309 324
188 474
80 499
38 170
932 752
176 325
651 982
371 398
370 663
457 147
491 32
541 234
503 21
753 616
996 938
263 826
652 305
157 803
326 732
836 195
520 258
592 12
762 523
538 964
463 132
165 348
582 307
328 58
27 437
375 433
259 23
328 990
146 911
995 485
32 472
82 831
196 905
428 675
639 958
443 319
667 454
761 960
370 601
38 441
875 397
420 413
756 486
398 101
938 902
374 745
929 323
228 456
131 125
435 8
679 122
577 230
190 346
947 690
132 913
310 337
751 7
493 83
536 507
409 243
989 826
149 135
591 918
395 377
738 723
197 830
413 417
116 774
465 955
868 415
753 949
956 179
614 856
715 801
397 150
976 476
611 738
8 126
855 202
277 403
585 593
11 475
601 998
306 127
542 418
367 174
353 647
503 323
477 967
469 218
694 226
964 446
924 305
860 972
727 779
725 137
964 664
15 736
215 566
984 321
495 109
757 352
27 201
520 260
831 856
82 990
788 525
183 46
370 712
491 43
532 449
466 216
304 497
63 481
154 871
981 399
751 1
202 90
702 131
987 75
65 533
411 70
468 205
917 946
989 191
992 760
329 873
370 458
291 633
857 785
537 797
799 190
280 288
771 353
428 334
220 759
181 845
50 983
929 1
192 319
80 270
143 537
347 409
394 866
3 639
788 603
793 540
181 587
941 425
112 952
63 721
567 332
315 244
246 969
289 244
514 790
327 721
130 9
875 675
666 876
480 231
771 454
42 625
403 304
257 335
56 515
847 672
917 975
945 514
758 163
953 586
307 624
633 281
308 789
17 861
92 974
428 849
475 215
872 822
157 230
745 481
153 566
541 592
458 70
585 838
424 216
192 539
172 83
872 177
38 832
806 242
91 482
50 586
409 918
148 922
755 918
484 245
189 908
979 378
216 647
215 564
455 993
76 407
585 979
811 301
895 975
810 969
556 986
257 212
486 317
235 757
3 241
149 72
450 192
840 480
397 18
11 55
815 204
184 440
93 400
727 347
317 988
974 537
101 873
190 583
341 587
828 777
201 696
888 330
810 3
22 80
136 559
764 385
177 303
55 300
647 270
258 782
672 964
837 585
168 773
361 379
509 861
557 189
519 710
66 446
878 682
241 88
825 366
669 357
657 3
625 724
507 305
269 884
469 531
304 459
190 989
851 665
207 51
762 408
206 78
760 828
268 85
451 354
711 445
800 121
845 369
26 426
662 704
235 295
106 131
120 540
557 649
700 323
732 116
195 814
642 290
375 307
13 262
60 179
300 77
446 860
638 497
554 824
471 300
431 789
681 578
579 904
227 591
707 279
94 311
602 254
914 88
703 329
508 279
356 763
975 160
10 154
978 614
914 564
353 450
380 698
954 387
978 959
238 533
845 37
644 684
773 799
128 558
837 828
591 989
149 546
700 918
532 159
723 679
129 799
497 429
816 509
820 803
336 146
183 58
95 533
332 827
737 220
48 813
802 927
473 991
909 303
463 525
204 442
593 538
319 685
546 442
245 487
633 366
777 581
115 169
348 872
92 799
612 438
365 140
131 414
70 190
715 392
186 533
423 272
957 779
221 95
582 504
222 818
752 568
89 999
871 219
18 789
227 315
455 983
749 944
134 938
683 819
704 202
474 869
649 128
223 783
639 222
393 157
725 862
213 145
364 166
956 437
752 734
717 183
480 560
850 467
286 966
168 533
403 991
471 994
778 404
978 46
555 417
279 371
868 633
799 493
282 584
319 755
291 34
594 388
207 771
89 797
330 494
837 258
604 85
489 660
58 382
800 820
191 613
246 431
276 412
996 46
153 558
945 667
56 444
567 891
688 263
109 9
619 19
456 298
958 223
606 298
118 16
982 758
541 661
73 228
626 818
728 70
737 780
576 673
565 145
409 496
505 253
624 870
169 124
347 433
731 127
496 305
63 849
510 478
58 957
775 936
358 685
465 503
529 447
593 41
537 94
699 354
224 394
518 676
109 745
225 218
523 192
41 721
551 939
896 903
191 609
294 23
878 549
997 111
153 759
853 590
296 42
789 905
933 872
618 307
877 394
586 843
916 753
692 979
882 467
428 940
315 74
975 723
834 545
305 972
914 339
734 510
415 210
435 523
182 700
94 53
896 60
813 32
11 812
631 857
149 894
320 59
134 816
361 295
620 321
12 666
177 886
449 746
621 944
645 884
937 156
216 91
124 185
349 381
590 487
381 980
391 91
907 53
701 526
847 268
287 673
559 211
310 464
760 8
244 931
87 757
849 533
718 655
388 325
812 67
399 978
69 546
951 791
669 328
597 4
677 868
79 884
700 589
949 389
673 460
218 194
727 112
120 419
96 446
865 508
839 260
806 617
408 260
589 110
114 429
297 538
774 792
381 728
118 474
286 330
876 143
255 856
627 604
402 727
236 75
336 619
236 427
687 494
604 644
73 276
166 719
863 722
451 940
766 596
278 921
64 405
261 155
111 671
399 241
316 513
132 987
414 4
499 721
365 101
730 455
526 791
865 896
837 389
337 316
589 603
8 616
123 5
677 622
215 586
451 428
415 883
888 583
656 829
282 739
194 22
165 12
909 721
462 382
51 746
701 800
768 640
646 62
36 243
829 675
103 603
486 280
215 518
699 726
465 872
246 981
994 660
381 763
145 255
353 843
995 196
189 54
468 763
358 835
510 856
459 187
467 965
483 946
672 683
907 534
515 138
150 153
916 509
764 883
78 61
610 469
524 74
189 799
634 344
201 548
735 496
461 660
958 555
590 296
830 631
121 497
650 697
559 623
506 918
331 675
145 584
10 941
740 669
365 200
100 726
574 566
227 835
742 387
683 537
168 332
829 865
563 641
264 831
749 122
149 770
707 81
22 294
315 717
917 115
193 681
247 17
205 768
155 826
364 947
632 191
56 884
878 461
645 971
445 142
265 394
827 595
889 972
689 202
317 205
886 959
328 510
630 485
664 885
185 786
977 380
264 817
630 385
709 142
637 275
22 154
101 902
226 849
51 991
548 267
226 720
583 786
271 907
792 213
351 287
667 329
146 680
66 932
426 777
404 127
281 63
317 426
628 735
78 543
811 31
104 626
412 389
296 687
252 35
675 441
770 604
284 342
274 917
46 702
829 53
116 450
229 463
198 786
329 857
888 276
254 140
530 992
31 18
405 178
619 284
240 80
423 742
659 876
931 49
102 57
859 760
575 571
357 88
945 773
401 38
531 186
530 655
673 413
591 562
198 79
159 563
305 790
666 582
984 316
373 597
710 86
9 584
673 285
411 718
757 970
508 812
468 288
701 39
953 493
924 644
559 151
293 84
18 864
532 959
909 2
441 257
842 619
256 802
521 515
837 667
832 630
918 346
385 652
145 971
967 690
841 70
506 527
743 486
445 876
879 276
885 706
677 672
474 727
594 286
953 347
977 432
130 137
789 247
570 515
205 287
709 538
417 398
884 215
91 512
140 681
740 322
346 26
105 417
55 821
168 700
484 9
498 498
745 614
481 288
927 316
206 38
788 636
203 975
487 24
57 646
969 628
654 797
567 667
488 111
811 622
983 9
507 647
613 482
122 604
920 94
484 401
37 478
453 272
296 592
238 941
921 354
151 559
227 927
38 70
693 67
428 202
849 28
510 935
892 815
909 984
385 164
643 746
18 774
366 448
741 315
21 957
868 662
941 524
595 95
515 980
182 640
668 943
231 383
198 531
867 123
639 460
206 253
27 282
731 224
891 746
703 824
487 264
789 923
371 428
760 736
376 886
181 942
678 396
279 764
239 876
336 147
752 879
161 894
119 131
877 244
69 362
627 932
856 908
688 768
504 227
465 449
743 232
980 646
411 773
650 260
759 650
529 338
233 511
994 43
639 704
418 224
156 60
968 397
165 364
943 9
458 669
901 760
759 553
327 234
846 522
524 329
19 605
468 54
449 604
660 462
686 440
501 79
476 195
911 469
830 642
663 207
967 640
194 917
151 78
600 873
202 997
602 125
531 573
178 422
236 980
420 838
917 923
470 921
743 746
740 733
940 925
566 403
320 260
338 112
985 823
820 939
416 539
112 774
196 947
927 290
481 785
60 699
973 750
496 530
615 68
993 236
992 556
168 911
23 664
488 858
149 8
899 308
435 565
512 364
654 983
768 791
843 487
238 828
710 816
236 734
323 326
234 581
493 315
979 402
260 516
877 467
128 762
327 776
140 563
898 840
631 147
634 667
495 474
642 224
959 558
884 230
812 634
949 118
872 657
173 280
100 484
246 402
531 580
495 574
766 23
522 393
60 397
224 157
381 908
466 218
449 692
326 702
172 613
270 627
260 44
528 795
550 360
940 127
53 81
104 787
180 819
568 627
136 593
853 144
363 869
914 671
373 164
129 592
220 545
941 751
898 480
192 821
948 448
529 484
271 1
172 986
965 803
396 741
885 453
674 249
272 600
764 588
181 645
542 893
996 753
585 483
657 895
343 777
261 605
959 225
563 884
687 131
224 528
333 436
37 110
710 7
596 310
307 827
72 129
234 202
37 69
964 819
948 694
652 307
532 561
445 611
94 95
975 484
920 319
429 308
668 958
620 491
318 264
745 927
129 391
812 979
150 167
861 776
83 98
659 865
476 968
415 104
940 923
242 743
403 861
819 23
866 71
687 439
718 185
928 432
763 848
367 740
868 913
363 580
446 303
271 22
478 274
197 39
782 419
632 439
814 537
609 451
242 681
218 296
81 312
512 498
590 844
110 879
812 458
113 825
848 610
884 385
776 678
449 82
873 910
447 81
884 40
73 56
353 478
791 291
141 786
982 303
535 731
541 444
270 347
957 654
391 470
148 193
275 519
429 598
679 501
893 877
285 916
394 966
257 990
776 185
489 750
833 759
203 376
723 726
732 473
943 32
225 124
643 444
394 853
706 425
654 425
341 599
565 939
930 736
921 174
924 58
169 762
138 109
835 373
198 213
245 567
43 494
290 823
28 687
464 684
109 734
685 118
57 451
187 602
776 339
398 460
223 52
161 919
292 361
575 348
915 843
689 172
347 959
998 979
15 375
461 462
932 124
927 146
748 989
681 466
927 876
280 431
350 150
863 793
141 995
190 790
315 409
368 879
210 662
390 718
180 225
701 851
998 112
453 981
447 98
327 486
917 374
876 607
401 620
615 92
882 894
303 805
36 549
212 23
741 598
175 602
805 273
737 228
209 803
254 191
677 657
383 581
540 947
567 260
352 293
540 534
691 586
136 843
867 727
325 700
654 960
234 852
80 459
615 971
514 290
299 221
154 544
491 682
942 694
340 410
944 646
585 880
75 635
714 73
773 942
255 391
243 427
238 489
460 323
965 853
426 327
871 264
947 580
275 362
772 241
240 967
847 68
703 825
898 922
217 769
160 23
802 472
313 755
78 40
246 125
452 396
660 672
253 323
37 607
201 880
847 161
229 441
266 46
320 284
53 516
539 889
713 565
320 341
381 26
504 751
147 979
652 956
632 807
767 257
489 669
831 968
409 336
734 60
697 27
543 54
944 750
668 82
423 657
36 988
91 156
136 540
496 238
398 140
397 128
150 165
133 238
926 981
393 894
921 660
66 90
193 464
898 10
20 861
201 321
829 408
948 293
531 965
457 796
277 929
446 206
444 427
760 931
825 370
30 153
244 98
914 449
811 789
650 812
485 831
239 203
496 315
632 539
336 380
661 442
648 613
392 108
391 93
815 152
305 217
667 198
647 901
690 934
746 458
642 692
896 584
251 233
773 744
124 235
677 109
74 786
246 326
771 466
618 989
558 586
136 923
177 226
160 783
594 867
912 258
842 236
469 808
552 445
681 242
703 29
167 358
36 777
595 765
754 807
746 213
489 313
539 882
18 666
885 51
309 612
200 149
957 504
949 669
264 862
891 630
341 319
449 410
175 377
537 44
610 929
242 635
869 99
117 133
184 887
851 354
504 846
350 51
73 813
675 651
634 337
656 918
328 975
704 105
502 503
785 241
876 112
211 27
513 98
985 680
386 697
895 189
240 890
56 245
897 313
2 83
2 531
858 659
116 682
538 562
804 618
730 323
702 32
482 293
325 215
265 468
657 64
306 160
406 249
915 362
446 655
538 917
576 800
482 396
310 45
15 20
343 466
851 98
743 46
261 333
801 421
485 878
39 810
412 791
154 797
452 327
244 600
400 342
90 173
570 234
255 400
867 585
683 950
996 718
51 779
200 610
488 205
367 685
476 879
676 779
458 982
934 128
822 703
228 686
921 912
313 798
735 176
478 180
898 771
550 475
437 301
506 750
787 277
157 226
5 615
598 833
314 816
519 532
219 136
49 99
249 492
20 362
894 984
755 498
325 144
445 657
407 762
392 304
530 546
162 549
734 887
703 760
644 48
537 574
673 215
707 938
652 922
259 727
226 546
42 14
24 551
666 487
143 783
330 58
959 673
913 492
604 693
94 616
191 248
816 631
569 216
491 523
603 573
119 750
116 181
84 513
0 140
924 750
160 496
521 254
98 119
165 434
51 702
302 259
242 594
810 118
994 163
736 653
403 597
778 207
720 520
12 862
965 72
568 936
542 125
597 442
876 640
694 762
373 279
225 997
467 967
130 388
41 461
410 218
425 445
317 540
403 497
569 329
266 720
197 490
932 808
801 146
260 160
440 495
844 633
600 17
405 312
125 82
300 447
244 536
76 77
574 561
890 831
903 144
986 508
669 101
599 918
78 470
965 860
845 870
888 810
122 446
880 645
92 599
487 181
610 688
249 916
747 185
681 492
352 3
456 667
937 21
491 55
915 15
238 457
267 761
559 478
123 741
692 439
972 568
256 180
96 935
120 858
702 195
198 801
820 54
76 654
62 757
772 567
376 977
90 362
840 995
88 1
793 316
884 781
961 765
700 492
702 57
604 172
325 404
459 803
809 145
902 887
454 871
201 27
741 183
178 643
645 582
250 267
48 438
555 134
978 361
770 608
780 681
437 374
529 106
603 896
135 339
562 858
885 590
125 115
759 626
560 303
922 404
842 810
296 970
683 397
5 627
308 453
828 138
596 745
994 709
48 199
57 129
71 963
78 294
273 196
852 189
593 833
996 774
97 787
537 644
271 780
234 894
32 579
677 414
123 628
180 23
504 524
487 589
884 576
124 917
107 157
342 976
103 52
840 690
335 200
980 377
271 606
538 566
980 656
636 567
590 456
980 168
758 94
22 819
88 994
503 147
475 195
600 197
888 578
130 792
169 223
181 463
29 792
800 719
286 10
466 789
957 228
323 798
617 715
61 697
196 705
253 564
762 672
602 205
997 650
225 85
548 518
662 406
478 577
939 463
252 116
345 757
555 561
277 20
717 524
582 690
255 914
938 187
392 17
19 892
977 741
259 596
2 525
455 273
736 832
949 394
504 340
902 294
314 59
936 531
221 383
297 870
57 828
197 587
480 801
894 568
164 457
335 153
426 519
351 790
536 515
207 652
946 40
452 461
344 612
996 388
610 918
746 645
233 19
820 296
864 65
522 66
219 29
548 209
351 997
864 251
904 888
928 72
885 202
815 732
472 230
148 163
160 82
101 246
542 745
810 273
339 407
436 685
894 910
260 336
939 246
486 124
548 843
398 766
499 434
16 213
728 971
406 164
410 888
634 507
133 305
712 444
481 472
735 500
188 376
974 995
471 127
323 460
226 20
806 73
286 725
49 822
338 366
606 455
314 100
405 592
389 447
272 469
321 870
246 7
354 509
989 220
32 825
197 664
737 259
984 355
529 375
93 33
840 867
320 699
292 155
602 725
547 33
903 226
233 868
730 502
74 939
117 719
735 107
366 314
22 472
199 702
88 551
771 292
991 928
435 91
168 635
668 38
264 715
936 572
426 850
141 666
737 500
607 258
925 472
944 325
28 947
850 143
435 116
396 621
712 778
414 832
222 881
948 434
358 838
40 884
902 784
285 182
792 639
111 244
570 717
16 407
902 598
66 867
840 689
468 814
646 553
786 234
668 220
59 86
323 27
163 451
633 225
865 448
693 426
495 976
384 263
213 864
731 638
328 279
445 571
476 796
30 444
664 614
53 50
429 75
527 376
953 593
393 512
290 818
147 86
701 786
650 883
521 914
545 733
656 849
645 343
787 485
451 27
430 451
879 504
232 211
804 758
270 186
4 550
636 561
699 503
386 690
956 701
786 908
109 854
197 794
279 107
486 984
787 83
939 916
128 18
776 172
358 284
834 47
960 714
570 823
865 11
64 956
216 821
27 202
996 326
785 576
912 628
711 271
540 700
70 2
174 20
304 847
246 884
951 491
666 206
569 521
829 531
704 633
835 46
724 732
308 183
811 509
132 221
273 874
877 672
692 343
542 403
288 997
840 788
994 591
112 506
389 915
548 941
339 93
177 735
919 415
276 486
59 82
957 409
81 684
27 186
589 126
475 922
710 877
468 315
173 57
972 932
226 562
7 873
608 917
333 185
23 879
314 961
370 82
766 271
809 804
930 145
67 398
628 405
72 778
187 448
381 245
159 159
384 959
876 166
351 345
224 209
171 374
456 538
161 893
49 574
72 970
721 979
736 491
621 349
797 808
405 808
968 530
489 564
731 352
697 366
927 82
809 274
164 450
696 617
192 678
0 745
725 616
107 721
422 813
974 729
537 220
102 379
296 857
562 592
958 27
461 259
885 237
688 270
240 402
80 384
129 432
400 80
154 206
372 507
236 576
148 346
77 774
631 251
195 373
400 193
805 505
742 214
836 42
444 782
518 76
860 524
957 0
206 260
768 111
39 930
276 356
130 188
791 354
727 114
659 338
843 480
46 816
859 585
720 882
311 303
180 238
238 171
784 489
600 797
727 904
260 991
531 4
710 391
857 674
12 789
269 516
685 855
793 315
550 544
199 513
103 861
32 731
220 342
491 168
72 172
516 218
574 333
76 47
722 636
426 933
801 734
942 695
363 486
382 87
600 913
774 934
17 55
749 158
327 238
762 240
459 751
84 278
678 385
22 160
445 400
486 448
495 247
85 780
867 858
123 820
106 819
875 897
408 123
713 624
865 87
838 476
106 676
413 923
435 784
536 435
235 881
480 375
155 731
941 917
737 23
194 65
962 195
319 69
46 722
809 32
860 263
939 648
923 967
103 352
140 358
239 640
367 375
106 719
637 522
897 48
465 726
922 444
513 427
502 593
625 911
174 311
311 838
157 113
818 234
593 612
604 310
685 184
256 971
846 144
544 893
971 743
539 9
788 245
838 53
964 290
954 816
654 491
604 265
500 163
775 774
84 445
629 380
351 122
266 885
130 197
293 162
171 454
699 832
237 311
602 538
706 554
45 908
173 712
875 1
128 25
470 2
382 564
686 100
337 86
635 304
466 468
922 280
465 989
301 973
863 54
608 255
163 569
281 5
359 688
714 508
863 839
403 184
636 245
683 90
746 974
794 671
951 213
554 68
393 768
823 855
462 257
178 783
141 977
666 812
320 500
339 380
916 183
781 94
184 905
879 816
487 931
496 25
445 791
559 50
258 838
95 382
166 72
50 274
86 307
159 68
800 758
294 850
944 716
973 427
243 481
764 852
229 731
522 612
662 674
513 81
816 272
345 608
234 334
993 747
815 672
431 152
354 615
683 77
504 298
131 657
861 747
830 895
859 91
117 704
138 522
146 630
591 954
640 843
590 177
850 633
137 405
372 633
710 491
141 408
417 566
665 625
872 630
73 496
200 732
606 191
173 690
996 752
596 764
294 636
269 186
944 144
129 406
249 668
428 839
405 743
368 845
828 70
918 592
324 901
92 471
161 930
683 618
734 158
794 631
817 28
172 416
174 113
134 653
492 776
871 562
760 249
672 591
183 588
489 942
413 508
438 934
904 927
437 473
104 638
667 583
351 274
739 191
845 526
654 873
436 689
291 525
116 196
136 963
257 299
807 977
911 23
950 598
71 815
806 739
322 528
154 473
16 26
552 893
767 861
903 206
731 203
751 194
509 847
498 239
216 766
789 306
256 480
647 91
182 679
207 453
278 857
883 361
255 295
508 787
993 374
929 411
605 76
275 680
271 466
233 773
431 487
319 374
818 687
367 967
772 352
209 574
288 51
698 92
879 895
269 206
618 224
652 198
230 575
42 927
701 501
340 627
353 484
172 660
979 523
876 539
465 751
154 85
530 105
0 852
59 761
338 269
467 29
956 990
918 49
550 350
977 971
455 891
903 683
206 979
870 882
633 82
520 688
793 788
992 402
163 146
767 51
432 501
844 235
636 389
739 762
85 187
430 69
752 892
872 333
215 310
745 94
782 200
340 617
19 928
74 333
736 534
388 841
428 169
910 232
346 65
604 1
70 431
675 34
719 174
485 547
994 934
486 582
199 776
704 827
512 218
104 130
972 600
769 492
76 752
817 31
33 422
205 421
807 455
630 881
780 526
812 467
49 774
551 299
478 600
818 607
738 342
942 274
767 62
814 64
95 843
266 984
757 480
936 823
704 565
443 918
385 485
611 256
907 786
386 514
122 737
79 556
830 212
274 21
437 949
793 440
424 885
365 411
586 182
99 653
571 291
128 542
798 308
446 739
254 57
794 184
92 728
940 873
247 923
224 566
6 36
921 17
780 431
965 639
292 367
10 64
606 216
876 490
229 757
166 675
859 835
915 961
186 952
227 855
773 785
822 451
821 780
563 743
734 953
672 528
592 379
595 34
524 550
659 823
498 106
941 826
787 710
14 857
64 325
111 241
44 838
618 933
28 865
171 533
61 763
494 843
878 5
907 89
264 402
860 567
745 115
177 802
11 884
209 191
784 75
265 672
605 828
46 235
768 986
101 217
412 829
186 595
36 642
397 94
13 652
767 257
59 758
642 944
135 422
498 203
876 271
100 115
351 833
819 146
715 119
301 272
867 479
122 487
933 255
908 519
776 946
704 675
972 188
610 698
254 459
731 460
576 130
963 831
329 927
398 135
407 396
875 699
187 627
882 997
868 120
67 790
818 997
185 123
174 790
249 147
960 428
910 332
515 888
815 225
360 196
592 565
265 120
747 820
817 452
924 981
124 38
35 343
819 942
84 220
719 993
773 685
18 679
567 683
908 533
730 734
300 621
741 322
494 565
369 840
173 664
702 293
989 297
591 737
309 808
801 675
361 380
60 926
609 379
264 979
714 869
490 994
669 366
283 583
775 163
827 652
297 949
598 881
618 286
94 190
865 279
660 247
173 578
957 720
51 782
4 222
568 765
483 494
430 237
753 766
770 205
506 932
814 68
706 105
295 784
64 801
400 512
91 724
796 574
708 400
974 847
965 712
559 543
132 448
567 341
898 237
170 337
757 405
510 984
768 464
617 157
669 184
908 17
943 112
513 56
256 652
716 487
30 221
21 627
320 515
752 588
278 219
624 922
258 35
499 486
643 27
211 116
486 664
777 472
528 429
433 290
777 136
357 502
481 160
675 731
671 802
21 427
350 949
985 997
483 960
987 836
305 126
790 551
375 791
220 919
209 255
392 6
508 339
499 101
832 989
791 174
953 856
805 164
161 655
616 142
331 644
122 955
506 636
427 265
184 233
489 999
357 746
85 881
982 865
207 584
110 167
23 998
515 415
71 180
675 676
673 39
994 6
642 795
412 853
86 421
772 949
695 927
808 130
347 780
716 143
310 554
905 178
593 685
865 420
448 16
407 892
898 121
269 754
607 892
665 681
630 45
973 438
920 325
457 781
276 619
174 173
703 938
623 431
203 649
17 841
733 651
773 425
179 632
876 42
723 138
183 542
332 706
31 508
642 604
223 841
14 918
857 749
532 70
719 480
673 735
387 88
865 407
391 160
554 44
534 267
161 277
335 718
226 845
449 367
208 220
139 25
774 574
996 996
828 659
394 67
156 854
261 781
293 21
418 4
623 847
477 952
22 785
630 812
179 601
821 432
457 739
666 960
308 583
242 662
730 489
343 637
770 886
259 956
312 64
911 677
630 935
72 388
201 4
605 55
487 732
824 427
739 944
879 490
152 48
889 474
111 882
120 584
540 233
297 380
409 852
139 561
949 391
396 212
267 502
235 1
780 754
50 411
901 520
920 281
755 53
288 809
393 218
452 760
492 285
489 749
662 254
645 628
840 612
466 41
395 107
213 53
464 175
47 615
897 365
771 319
128 652
871 411
171 873
510 323
424 16
270 999
980 87
51 915
309 820
280 517
923 56
583 845
461 387
753 631
950 358
10 876
287 431
656 233
908 810
826 519
870 333
772 448
716 850
23 823
692 25
81 655
500 615
355 664
647 313
23 460
336 950
733 386
619 975
785 389
908 528
213 964
764 131
981 985
160 480
505 4
11 204
820 938
955 512
177 527
987 602
552 201
587 323
298 285
27 206
86 435
751 287
418 299
636 516
996 752
108 796
1 854
792 120
984 173
700 99
702 161
362 39
362 606
244 949
508 12
447 623
262 594
894 199
67 33
785 530
679 63
269 893
13 32
557 414
513 997
511 609
648 567
174 873
175 10
374 770
745 683
629 821
372 7
40 875
406 439
855 177
71 437
469 124
538 436
786 378
987 404
971 297
522 635
997 497
267 697
732 371
544 364
724 362
589 269
708 764
942 995
784 915
392 365
801 605
983 282
686 587
236 970
957 658
155 759
808 954
677 775
139 893
255 222
491 215
980 196
192 551
819 274
639 328
934 211
845 792
380 917
240 532
190 968
727 197
504 697
472 536
429 533
107 964
179 36
232 598
502 511
137 776
105 673
236 776
921 391
308 81
613 653
621 548
746 155
205 349
237 602
135 29
993 18
406 243
193 525
388 990
767 47
720 526
654 224
615 956
390 927
580 275
824 355
511 202
551 922
876 716
745 140
158 11
606 91
968 916
906 800
199 708
586 25
249 920
228 593
520 216
844 970
326 101
303 668
942 189
257 206
698 170
181 354
445 208
124 140
940 765
826 30
56 139
411 412
5 657
226 992
962 878
979 70
90 640
829 634
840 32
202 86
441 538
98 735
875 238
356 222
252 167
659 182
946 660
670 70
414 952
830 896
966 729
369 161
795 56
440 199
637 987
877 994
729 78
669 975
197 957
124 25
207 801
462 783
206 505
809 132
380 972
701 991
152 346
754 71
622 947
934 194
188 259
338 811
138 269
226 359
384 335
137 703
486 943
448 951
435 44
17 258
249 815
161 718
141 754
53 915
461 763
23 988
151 649
918 713
72 290
977 497
200 808
751 114
417 38
83 551
161 852
667 452
170 411
517 180
447 664
427 570
910 908
909 802
867 62
704 180
677 939
99 33
500 229
267 850
754 917
122 702
154 915
678 141
322 677
341 195
766 121
382 120
923 676
90 643
823 790
82 146
180 852
81 181
384 680
597 701
403 138
53 71
213 910
587 732
927 887
360 928
48 693
722 742
386 323
114 812
959 561
414 548
729 139
171 847
548 113
251 120
192 304
214 657
389 405
292 801
81 668
714 652
747 481
805 436
600 485
46 271
819 559
50 460
660 548
14 221
342 208
512 617
274 886
291 78
879 15
36 935
939 312
794 750
538 38
523 599
222 138
50 570
382 41
941 452
26 42
251 307
925 720
606 115
194 199
567 897
184 425
738 603
353 475
514 532
483 243
733 37
607 705
98 135
588 990
32 391
699 614
686 635
103 624
175 292
541 297
74 742
697 725
200 812
344 402
645 714
104 179
236 731
866 711
53 334
726 454
420 438
425 777
401 106
750 528
177 928
23 291
368 252
64 720
123 569
635 761
940 120
851 91
155 177
863 718
524 208
998 941
718 297
755 424
952 471
400 506
149 130
382 423
495 518
439 798
559 970
91 426
518 852
381 294
364 673
233 244
186 889
538 232
8 256
728 293
151 312
442 480
255 301
819 176
327 750
721 610
36 886
738 164
810 554
579 119
716 175
416 165
397 254
510 954
599 757
69 590
70 751
52 864
392 325
428 223
833 719
606 501
17 221
128 696
168 827
354 707
872 884
490 770
76 621
378 0
591 28
779 800
664 13
691 183
758 408
128 119
620 943
164 86
782 989
816 292
0 302
538 171
293 224
198 28
29 722
750 576
728 972
337 881
64 744
153 28
499 174
117 281
367 471
460 281
574 501
156 277
800 926
502 694
723 445
519 700
629 752
76 269
502 357
102 413
794 566
92 255
888 293
765 209
491 607
460 577
854 417
343 616
311 6
804 845
898 34
138 323
593 527
884 566
331 447
14 338
945 125
771 458
668 833
792 888
465 159
576 253
221 672
30 271
468 532
918 834
158 366
893 408
974 103
550 130
468 306
783 916
375 414
599 554
442 43
554 392
997 260
932 482
105 218
103 962
797 573
292 21
430 307
410 537
667 756
62 312
229 136
902 846
752 956
999 853
245 547
807 905
387 594
165 91
53 492
417 268
641 202
509 709
247 423
180 271
936 266
754 594
440 165
473 656
510 545
92 824
729 107
54 251
342 468
960 219
487 395
950 729
791 128
904 811
435 390
656 84
678 371
888 411
419 471
16 361
185 281
389 460
711 266
734 443
14 53
800 46
775 501
981 750
562 918
308 885
969 349
720 317
728 0
471 960
321 499
781 839
299 858
124 522
317 10
63 858
904 331
184 863
966 31
950 165
403 880
229 258
575 724
724 949
261 655
507 547
386 582
792 288
162 685
695 916
126 831
514 110
974 30
61 698
215 292
172 11
622 618
695 401
702 549
205 419
967 963
897 64
704 353
391 689
605 866
49 438
549 731
113 563
613 875
167 526
890 828
799 339
92 512
413 846
265 794
109 970
34 584
938 6
695 738
956 681
119 652
735 5
568 668
895 200
726 533
714 414
753 968
480 865
711 197
991 246
216 976
561 100
458 251
341 851
884 505
509 298
303 3
24 244
796 224
757 919
334 875
843 823
688 439
637 676
922 399
728 980
433 490
741 641
492 891
397 435
733 376
731 906
503 388
612 755
27 299
526 722
545 713
152 370
46 234
985 141
122 320
810 713
354 555
798 904
339 846
574 195
454 72
460 306
413 957
608 425
499 440
153 135
857 44
630 658
799 903
223 616
329 273
180 385
289 684
882 979
526 628
52 809
467 980
289 865
290 880
673 250
737 789
185 178
836 594
849 816
432 988
613 424
809 761
797 146
125 99
79 32
841 3
984 132
997 308
540 625
875 639
780 565
744 612
558 965
781 932
272 407
831 565
679 886
32 993
92 476
508 509
864 171
655 701
9 200
826 4
643 902
467 53
18 423
741 563
496 576
984 522
440 120
6 167
160 119
947 390
251 604
128 808
509 116
316 783
788 871
773 494
548 783
559 592
156 566
142 300
174 4
124 478
998 614
733 483
225 158
763 33
841 477
945 243
26 350
221 613
108 166
302 346
291 8
574 861
161 447
803 68
899 335
950 927
410 897
407 35
68 988
465 522
765 261
612 762
375 144
662 185
884 835
843 964
825 175
974 769
190 986
674 777
704 89
338 976
363 467
455 745
620 784
45 272
386 385
881 657
195 113
949 544
508 79
254 144
266 686
24 580
357 456
545 698
26 413
232 235
980 390
174 39
663 952
338 219
229 49
163 571
115 776
855 464
960 976
662 461
41 226
682 38
89 750
163 579
814 115
857 396
435 147
99 31
603 99
500 789
361 184
312 15
831 828
156 167
980 792
18 170
209 373
123 53
984 298
413 286
34 799
298 623
6 822
273 749
891 609
145 773
141 604
432 457
976 972
764 941
111 308
681 135
540 320
618 804
443 524
675 384
7 829
651 973
75 13
975 276
402 966
922 472
282 543
515 706
647 610
919 632
119 759
79 952
109 659
183 50
434 904
733 859
184 793
158 737
13 611
929 485
958 415
958 851
558 592
202 826
458 205
964 473
426 577
588 396
446 535
791 771
982 232
25 524
261 519
130 535
21 627
42 412
263 331
923 353
179 821
379 477
951 989
918 343
739 729
616 506
629 537
769 407
283 612
483 146
682 897
524 965
377 55
738 918
271 641
814 661
490 802
143 193
889 793
522 61
567 980
518 490
897 197
161 639
786 533
430 644
961 820
227 954
872 339
332 965
978 496
650 146
340 820
614 794
207 581
561 488
979 775
324 431
71 228
761 837
481 209
381 543
497 442
133 608
925 722
218 465
612 903
75 220
14 304
237 689
530 222
349 798
230 509
89 25
862 301
862 203
746 695
489 243
851 596
318 623
440 776
31 888
460 404
60 106
148 827
401 297
96 678
539 750
127 678
331 980
183 989
36 193
436 282
230 525
500 287
415 548
788 941
697 798
256 248
75 758
55 756
434 828
578 503
181 325
306 57
398 512
705 841
123 434
312 141
780 353
253 164
457 547
697 393
994 155
913 306
62 421
250 320
824 849
174 180
238 5
518 480
322 636
423 575
717 797
503 735
899 849
749 108
502 357
512 446
752 496
269 777
97 815
664 519
700 921
279 190
671 938
926 797
724 345
142 349
84 793
643 997
106 336
693 392
190 608
456 557
334 943
110 725
597 431
705 126
316 297
587 984
133 339
684 865
567 857
651 179
176 651
339 646
38 634
594 384
941 228
523 402
480 627
59 633
111 77
726 116
100 428
119 665
530 585
442 804
335 97
101 445
91 863
850 792
177 481
62 444
847 118
746 585
571 327
404 157
625 34
814 482
147 77
662 934
90 29
479 456
902 425
640 580
372 345
179 490
935 901
20 241
178 134
813 118
275 749
136 569
51 252
329 950
884 198
579 991
799 974
751 58
990 701
399 744
234 363
264 578
171 521
7 636
754 349
451 820
389 381
633 587
537 440
990 314
305 422
748 570
980 105
158 852
596 971
686 909
839 182
56 302
939 10
360 63
884 45
779 163
750 273
66 764
79 287
61 408
978 736
193 162
14 311
282 704
613 962
144 968
270 805
815 200
616 561
607 527
690 500
125 738
502 792
432 543
952 933
670 493
7 282
593 215
919 373
335 227
195 885
690 832
384 466
379 857
737 0
852 986
76 427
220 330
873 579
864 652
497 177
812 534
102 857
230 757
985 21
258 918
102 180
998 300
158 486
487 378
716 895
674 691
21 793
724 246
250 247
776 588
475 100
957 588
346 577
950 539
809 331
863 209
509 911
398 862
240 19
266 237
928 308
101 293
539 302
549 177
766 790
242 325
266 241
818 551
90 612
295 768
329 252
163 158
20 191
210 913
150 612
273 477
770 431
733 726
904 661
803 634
311 670
263 45
596 577
541 433
553 39
291 188
347 883
74 454
368 719
684 636
465 870
301 957
683 587
249 386
372 587
609 52
450 36
965 224
9 46
437 507
47 563
798 728
535 394
114 224
860 903
125 798
107 326
913 779
517 790
730 514
567 890
926 691
916 369
415 891
750 277
840 853
933 798
544 638
214 468
723 10
808 75
753 849
628 267
58 666
533 497
387 140
831 100
821 665
909 99
377 236
441 659
809 569
560 727
195 354
364 774
849 919
120 525
792 602
621 100
597 202
342 154
606 337
2 526
977 779
15 911
923 354
924 809
536 84
790 484
610 83
354 155
32 460
414 474
926 176
731 387
893 524
861 73
951 851
630 215
127 929
283 998
159 402
486 559
395 47
130 277
784 6
818 485
311 168
344 232
972 238
762 75
501 865
69 975
190 452
381 699
49 669
423 17
928 208
255 910
539 324
682 386
223 323
843 500
84 886
124 187
615 56
274 238
213 468
920 343
394 756
777 654
23 444
652 201
463 951
627 260
998 2
677 309
809 221
107 520
59 894
302 584
822 674
142 576
271 388
496 415
421 666
462 625
826 444
395 114
726 289
643 375
684 724
297 320
192 846
92 757
341 252
278 394
323 515
255 773
188 594
612 751
377 961
405 74
541 555
197 152
527 619
344 840
513 564
410 641
398 705
309 502
896 91
607 588
361 571
166 862
966 901
862 130
557 695
250 267
771 450
69 799
992 299
863 765
407 505
562 273
127 157
249 872
812 23
595 856
70 173
74 113
595 36
731 936
555 504
954 334
133 326
977 376
141 125
982 192
817 548
706 897
121 944
320 307
163 933
106 267
380 233
622 532
468 327
832 705
39 375
701 138
514 525
650 31
223 8
556 985
882 41
985 614
921 3
936 305
924 436
22 394
926 656
984 644
349 746
121 168
306 741
266 174
205 173
181 268
605 429
822 89
56 487
842 159
817 329
766 130
524 741
398 140
784 802
548 382
550 485
578 21
196 208
381 844
465 753
182 914
4 70
910 356
516 60
389 104
235 333
74 507
647 759
914 472
206 431
269 462
836 108
317 847
44 32
137 50
965 861
283 672
28 969
381 545
650 544
877 770
278 885
996 304
776 277
61 910
725 335
443 330
529 561
945 112
163 925
138 82
106 480
449 422
967 135
679 182
304 969
854 909
213 582
212 203
113 341
676 273
603 190
103 120
232 484
762 400
483 747
227 900
322 589
76 28
210 642
611 756
17 515
449 818
21 230
571 661
934 486
677 248
720 889
374 780
181 952
700 136
36 16
957 927
956 711
705 386
142 518
33 668
486 511
741 483
496 507
346 664
912 431
320 23
155 632
937 46
534 688
56 637
916 923
634 366
752 224
743 691
359 894
405 776
611 846
705 498
162 108
891 51
426 427
411 211
610 934
622 348
337 144
67 31
397 254
830 53
744 149
395 573
702 104
302 152
650 665
773 7
411 164
591 16
580 837
123 355
703 190
334 98
129 393
999 754
159 526
675 829
755 904
360 422
574 457
474 662
669 576
740 600
616 432
622 684
39 196
386 745
843 94
839 73
179 972
850 838
668 338
242 877
299 775
584 954
616 873
449 58
658 638
70 542
578 275
823 44
790 969
63 210
635 985
310 255
93 814
504 160
38 113
888 99
53 337
563 472
883 670
660 364
906 541
168 82
127 836
805 992
554 269
254 221
476 189
355 916
77 569
35 859
958 467
156 923
748 12
34 719
436 631
172 46
128 694
531 693
685 607
876 336
909 239
428 483
399 385
307 135
994 828
295 342
617 953
317 804
875 365
348 703
749 311
6 873
566 877
485 537
225 603
842 713
196 135
872 622
757 948
128 531
873 751
56 424
580 843
560 725
428 455
767 909
134 177
55 773
662 700
303 892
957 887
374 497
119 154
454 247
778 228
331 582
358 4
199 740
465 938
746 759
20 894
71 513
638 154
206 478
370 652
539 861
358 328
834 266
865 829
409 640
222 643
999 741
481 933
223 550
310 946
840 969
482 682
189 264
742 472
124 395
609 465
145 16
282 967
149 331
971 147
142 558
651 545
478 494
44 132
431 702
671 706
741 623
887 506
330 930
677 630
95 455
823 286
606 592
923 105
604 107
665 894
791 746
240 669
801 270
324 637
343 584
208 995
853 84
366 95
77 184
991 44
682 524
116 814
271 640
747 39
285 875
621 765
434 77
699 214
851 587
172 23
370 546
631 732
827 224
760 349
393 905
781 751
917 76
68 898
289 188
63 816
581 575
4 36
250 367
954 703
726 453
352 478
210 96
672 335
684 38
295 784
535 78
506 428
326 804
992 574
742 616
543 407
444 675
42 899
602 46
500 997
827 680
128 852
187 38
428 801
585 223
301 723
503 473
629 159
86 830
798 622
29 828
504 693
592 825
872 898
895 546
226 724
928 723
113 354
507 467
690 541
616 445
270 992
503 119
301 899
521 589
770 99
144 903
728 626
524 736
282 952
676 772
847 860
215 604
71 960
501 74
519 762
106 469
588 789
41 609
551 890
341 562
817 673
299 486
222 898
850 175
947 857
717 527
131 146
106 284
711 203
317 959
428 230
372 423
384 369
259 413
327 287
960 600
438 497
395 611
787 13
870 245
772 86
233 939
576 256
811 691
651 287
869 128
551 431
800 241
6 287
575 411
364 686
183 887
499 802
815 578
823 638
76 37
977 948
204 309
353 553
840 15
495 356
787 709
303 398
685 940
703 661
347 260
500 67
870 530
108 999
637 37
75 284
232 713
375 52
957 788
155 80
436 149
210 650
48 575
867 865
527 85
698 571
638 874
405 198
549 860
898 865
149 538
603 973
377 733
521 978
58 686
835 28
30 846
422 397
263 430
516 289
212 790
664 214
764 851
63 421
287 313
851 961
286 788
522 454
785 15
701 395
776 195
42 888
286 806
237 816
457 549
339 753
319 670
873 355
129 435
748 936
250 768
556 951
405 888
256 430
178 542
738 309
198 954
760 132
300 484
385 997
102 757
779 76
783 773
208 652
941 912
680 956
259 191
431 589
19 17
559 687
997 197
503 649
133 195
31 264
613 433
543 768
196 716
489 674
679 979
244 50
358 620
163 924
865 618
635 594
634 885
434 546
196 631
178 938
554 681
467 561
681 167
235 362
36 877
856 77
127 715
335 100
377 837
455 498
445 242
479 442
989 79
62 266
556 537
218 240
153 110
629 685
47 834
711 217
294 436
151 919
372 773
610 839
337 749
343 418
860 134
213 175
441 849
738 275
867 997
459 957
994 20
854 88
305 394
830 917
837 951
76 333
172 209
310 39
457 862
996 5
180 669
871 562
189 973
322 609
566 409
429 781
870 913
307 636
905 527
831 489
822 742
303 907
946 347
209 965
971 755
425 557
471 503
477 648
257 661
422 151
933 176
89 851
839 155
682 748
589 97
191 865
773 763
110 495
812 71
179 671
229 135
639 956
604 700
713 468
619 861
37 135
339 904
59 478
578 530
627 94
959 167
931 819
666 84
156 393
65 478
614 687
643 294
346 605
73 599
812 412
547 44
949 850
680 238
769 360
454 259
426 748
567 414
498 709
103 233
64 6
693 168
814 678
283 688
287 160
572 708
104 100
302 472
710 405
766 334
593 831
580 220
986 372
81 147
733 485
843 184
352 797
827 537
577 518
679 462
522 217
669 603
427 626
384 971
305 490
321 150
370 251
623 253
753 357
194 704
241 838
987 37
926 945
464 814
628 504
721 495
450 150
128 742
713 878
720 512
14 370
973 393
647 385
94 596
653 400
238 288
677 246
191 225
391 604
460 655
502 19
521 533
275 953
183 1
866 340
62 903
296 232
969 36
984 943
695 63
703 989
235 285
862 733
337 427
434 253
624 149
682 937
890 497
851 309
649 73
976 69
301 711
99 624
568 271
334 84
425 615
901 390
123 661
88 763
369 812
961 522
811 345
843 995
304 701
126 46
115 305
368 102
79 416
687 820
904 647
614 374
116 681
342 515
631 239
403 782
657 0
345 716
711 468
170 540
586 367
24 648
103 701
470 392
212 182
829 509
883 468
150 443
311 351
942 844
627 942
294 345
61 284
752 639
532 124
491 274
923 118
172 515
260 26
208 642
151 824
645 389
184 387
738 795
991 847
789 681
378 618
254 435
427 440
564 7
633 959
429 408
923 556
934 601
243 535
360 494
883 747
134 5
152 420
267 872
905 143
114 409
844 284
76 368
727 271
582 640
48 361
269 12
613 324
859 556
50 209
956 571
576 286
706 90
314 80
576 325
734 220
856 690
58 931
554 932
924 138
499 137
149 973
649 120
676 762
971 508
80 727
365 279
369 8
89 423
748 684
256 665
707 835
766 464
396 117
255 320
457 320
645 754
875 958
73 294
155 551
630 396
676 235
595 995
418 45
81 36
53 519
354 689
153 760
878 472
792 901
222 133
240 602
912 219
514 467
370 985
382 669
256 1
348 410
455 851
240 119
638 889
578 293
54 344
816 84
985 932
417 960
914 559
779 657
476 827
164 645
666 847
848 898
308 922
125 548
667 116
5 365
659 657
353 935
371 65
349 169
482 357
268 766
776 748
927 399
44 252
99 92
342 710
984 299
200 651
119 462
179 219
877 476
411 190
255 230
752 783
492 604
723 586
334 760
160 499
103 262
706 556
619 203
854 48
51 955
769 54
274 170
646 949
491 503
733 410
545 747
703 837
775 37
149 426
277 110
724 661
570 381
936 430
478 189
144 790
845 530
52 914
215 471
974 699
461 706
805 59
897 6
395 509
287 672
134 896
558 917
298 858
288 128
669 586
376 119
1 165
431 573
44 53
104 646
705 370
430 565
571 510
371 679
703 318
215 659
576 838
696 773
253 226
812 337
456 274
439 540
466 809
862 871
869 862
233 319
884 574
85 663
694 808
126 456
467 397
235 341
466 395
621 284
621 71
345 785
678 429
238 137
8 144
358 452
771 877
452 591
606 656
816 889
345 300
698 942
636 813
560 285
569 454
878 182
319 542
971 223
360 997
493 209
662 720
598 204
147 785
441 402
291 754
406 257
552 988
153 456
94 540
994 714
896 663
206 872
448 567
917 529
739 160
233 410
614 753
538 831
585 762
868 332
941 876
864 626
435 845
385 18
732 529
544 732
956 980
899 102
632 404
917 816
227 723
828 150
333 193
307 718
402 270
146 527
506 344
189 362
732 941
822 927
659 816
148 718
821 615
372 48
864 805
880 641
143 443
989 60
778 828
98 296
176 181
877 596
958 682
623 418
345 43
211 797
867 356
324 360
760 40
845 48
689 624
420 77
137 832
12 409
57 916
449 110
706 233
915 678
96 664
59 890
39 794
502 271
983 907
947 826
874 743
367 145
222 915
99 139
900 360
628 111
221 958
543 429
107 927
944 459
701 555
701 355
626 741
0 556
382 609
352 947
92 609
876 72
563 667
379 976
439 464
422 7
788 13
292 965
776 247
154 236
944 830
923 856
412 570
532 923
870 146
107 236
660 315
982 984
312 224
688 713
720 103
116 462
779 860
459 409
997 908
738 613
821 941
864 661
584 585
84 396
984 806
473 191
527 645
221 807
520 839
295 909
723 592
804 411
820 502
410 263
877 170
111 500
161 698
636 975
723 97
256 720
911 60
705 729
889 791
982 926
187 409
354 277
689 262
764 158
422 861
31 527
27 651
349 143
470 541
638 337
57 546
606 894
976 321
112 663
941 865
626 94
372 480
742 332
491 413
274 858
737 265
916 306
801 765
658 617
955 271
169 648
543 12
333 775
790 871
88 797
892 83
563 714
399 616
29 657
516 890
155 303
609 253
370 71
688 410
34 380
29 995
8 203
331 572
795 693
843 473
557 883
949 735
703 472
130 348
590 732
387 998
603 745
168 997
759 326
706 209
204 145
349 735
659 564
610 32
505 454
689 453
540 414
887 991
691 243
327 369
719 282
379 714
711 322
648 548
109 823
968 707
442 313
230 669
701 454
260 840
645 559
325 950
293 185
780 212
933 984
266 107
821 652
327 998
898 885
60 327
34 7
672 28
50 829
283 902
94 103
662 543
845 739
924 988
552 138
123 704
163 838
842 741
739 985
222 521
849 637
644 282
662 235
416 669
571 712
816 699
595 666
757 830
170 792
931 682
738 75
265 406
499 254
239 107
981 239
228 461
95 182
417 225
894 757
822 834
885 817
835 990
172 832
977 593
627 343
770 908
666 717
971 35
494 165
756 562
375 475
657 337
562 470
580 427
613 808
625 402
392 850
35 813
758 564
259 12
272 385
454 29
416 290
807 426
988 263
90 564
253 716
186 100
527 167
975 766
520 492
694 952
117 264
829 729
93 875
612 440
822 365
7 67
493 238
853 815
731 833
549 944
44 984
151 88
206 923
767 126
430 727
991 461
543 548
423 172
613 636
354 36
455 435
25 361
176 300
133 879
175 907
243 35
475 219
494 394
872 681
760 261
722 655
203 752
276 617
254 978
366 241
676 960
321 821
121 54
285 850
757 607
642 460
31 1
747 469
150 525
138 620
627 911
15 212
830 830
160 291
533 436
396 527
348 561
967 717
567 470
77 604
64 677
30 71
540 447
972 777
749 42
953 462
675 376
558 320
964 505
941 719
246 849
762 689
406 594
416 82
686 326
3 493
916 751
198 33
162 456
499 523
337 912
640 804
477 12
869 199
918 793
642 162
851 164
110 756
838 610
936 527
372 525
628 939
324 289
97 826
701 486
750 948
105 391
403 391
590 582
375 625
787 860
24 369
125 639
249 486
13 316
841 537
828 738
27 469
647 152
990 476
425 701
92 741
484 530
464 495
120 426
286 191
560 260
251 662
148 37
353 852
389 514
252 194
15 217
721 631
107 663
716 63
804 884
414 808
655 640
66 878
69 128
388 352
14 981
19 991
843 515
29 724
271 232
801 633
264 286
301 874
937 723
608 17
177 94
734 374
253 833
961 153
505 674
8 701
692 872
387 379
103 535
119 416
401 374
13 272
146 17
740 666
36 435
529 700
75 213
46 616
769 680
706 359
60 274
498 714
93 752
639 885
653 549
275 758
382 54
71 640
307 528
964 164
864 343
908 845
461 291
323 307
666 582
209 30
96 79
183 707
593 542
91 823
933 598
653 366
7 668
196 724
240 666
361 512
710 105
748 269
928 523
106 72
454 595
26 667
374 902
444 209
384 319
918 535
254 670
338 923
647 613
279 886
751 240
697 992
261 461
336 445
869 190
137 442
461 323
226 515
724 836
507 22
910 461
483 425
348 164
129 821
59 348
588 408
400 810
623 285
82 13
555 960
754 952
627 44
559 216
404 205
228 636
449 911
689 138
654 932
753 389
737 783
543 812
975 677
314 295
308 598
910 749
701 216
612 665
233 328
534 172
160 637
900 114
252 609
541 589
979 906
689 646
810 68
98 232
527 785
736 412
161 187
755 646
663 214
895 368
892 248
885 781
895 52
13 138
727 147
405 554
200 706
127 94
678 362
148 225
989 557
96 884
882 503
717 852
572 898
146 612
745 464
868 384
522 640
787 881
787 601
660 544
638 339
701 787
12 668
577 201
85 353
856 674
878 320
570 926
890 450
266 716
452 636
276 486
367 974
576 416
960 506
845 236
375 951
619 898
100 739
92 197
223 537
857 301
227 101
903 427
496 117
753 169
655 948
275 382
798 374
880 851
439 110
61 77
975 814
553 33
582 75
613 997
298 157
258 822
602 525
995 513
34 98
398 100
482 41
767 673
524 632
743 647
76 315
129 156
541 403
831 34
32 123
280 444
618 330
208 890
403 220
670 203
303 789
830 69
742 138
770 597
596 619
934 865
22 24
428 416
450 563
39 259
55 834
517 671
562 25
246 725
280 317
459 268
689 583
73 289
239 432
403 844
709 835
860 337
105 83
999 640
899 556
742 390
61 306
331 259
336 975
645 929
198 968
552 104
393 887
671 977
821 632
820 74
764 883
318 32
672 869
777 317
707 923
229 520
131 121
96 560
490 820
788 741
845 40
279 692
670 591
575 303
729 843
726 395
779 493
363 45
714 451
374 492
364 774
895 603
516 496
668 991
85 358
750 456
501 282
873 381
684 171
14 801
548 414
259 93
138 328
779 974
467 204
978 506
461 831
679 873
217 977
687 347
156 302
584 437
171 657
180 810
611 855
621 194
639 159
487 881
207 129
334 619
477 674
858 312
538 938
268 537
237 755
409 955
745 745
402 993
155 268
123 582
128 766
278 97
330 768
897 117
736 537
564 583
896 213
504 422
311 786
541 772
79 900
645 950
295 176
444 399
981 803
921 920
17 462
582 199
317 699
236 831
415 405
619 152
926 663
449 475
247 238
490 342
644 326
855 136
535 291
94 299
571 869
683 16
215 940
639 265
96 884
290 228
380 863
526 261
736 307
897 327
669 335
13 739
875 313
605 868
520 763
984 51
67 91
32 667
284 635
519 671
899 732
596 161
422 632
939 474
802 510
845 188
927 823
489 859
727 155
270 94
145 247
691 254
273 565
200 723
746 909
641 71
233 646
630 589
64 655
518 569
109 218
41 363
222 36
543 882
976 302
901 813
419 474
391 592
667 692
601 591
662 414
412 595
184 247
255 42
963 600
818 773
136 72
460 212
94 711
365 4
817 423
249 618
211 237
281 640
583 230
644 883
478 597
845 56
98 14
615 100
225 61
485 785
349 713
424 946
950 796
219 141
760 767
356 820
460 323
553 638
873 43
640 198
606 703
717 837
937 57
470 684
470 162
876 956
902 171
967 652
794 204
971 538
358 906
229 680
318 170
565 134
332 543
246 206
395 291
348 315
0 333
847 818
774 822
993 75
728 28
232 961
499 874
132 556
236 210
380 361
495 906
449 298
856 180
823 47
362 251
584 171
341 362
184 784
859 468
496 178
491 939
165 729
637 342
904 297
10 873
131 637
935 858
390 932
979 791
42 213
384 341
704 979
763 77
545 240
770 974
266 42
123 261
956 431
729 760
985 860
497 91
949 116
48 432
223 339
552 27
720 618
597 288
366 424
17 712
686 911
305 787
401 952
736 428
540 357
217 465
556 525
993 67
499 858
197 393
420 75
693 102
390 493
269 290
2 108
20 286
74 40
345 325
106 827
184 81
898 646
172 753
820 806
664 517
911 320
395 214
316 683
176 88
730 58
167 446
732 84
124 539
216 158
985 821
254 322
321 521
275 504
311 493
10 95
767 327
541 273
957 514
954 209
268 133
579 36
120 787
326 664
822 597
770 894
569 808
681 25
529 890
383 956
404 192
520 745
19 523
390 61
623 328
461 696
733 891
30 393
57 853
802 356
602 879
39 573
950 171
61 721
29 479
672 796
542 433
309 544
605 913
241 699
395 580
471 54
447 480
334 501
209 504
736 488
61 812
983 775
848 11
843 397
193 878
663 867
411 87
352 972
23 368
949 945
0 771
251 772
274 447
952 937
778 835
999 688
815 839
203 335
732 664
894 398
265 925
365 909
234 676
396 717
663 257
380 345
118 663
462 984
921 744
931 766
806 699
891 931
266 622
638 446
844 350
627 884
793 461
489 992
62 27
637 885
231 725
740 17
1 701
445 202
969 275
326 376
659 775
749 569
15 277
627 739
623 211
672 607
951 417
796 161
47 13
90 433
803 630
331 830
385 804
431 776
504 706
833 758
327 164
793 583
674 695
906 421
380 298
67 931
92 331
697 863
297 491
121 787
970 100
256 452
580 707
413 40
150 437
601 246
181 829
524 394
167 856
506 783
714 899
231 573
436 806
298 928
67 85
537 771
224 389
96 794
834 156
593 509
108 336
165 546
293 641
849 690
473 812
712 355
280 187
345 943
223 69
154 995
767 642
32 692
838 343
499 128
990 24
360 445
991 450
91 525
567 636
449 293
0 40
579 161
456 281
350 277
272 31
673 856
548 39
382 57
186 386
410 234
679 528
978 122
648 22
659 69
714 215
608 460
621 715
996 187
816 77
460 698
554 89
480 133
543 455
841 215
449 729
257 604
726 480
854 587
656 726
942 865
325 371
438 550
89 946
375 434
484 906
347 187
673 38
845 827
42 216
297 39
995 843
675 554
493 721
800 530
395 501
872 742
644 73
371 662
96 85
343 99
286 932
323 690
870 959
175 168
207 912
108 472
378 202
276 783
313 871
373 76
170 61
134 597
260 166
603 857
956 708
993 299
341 243
554 316
836 211
476 730
554 44
598 584
367 285
156 226
654 33
446 881
831 176
694 932
789 443
151 298
597 746
341 496
812 938
502 895
977 649
45 978
914 532
817 995
574 281
666 325
207 228
757 112
44 390
833 451
749 834
932 336
833 698
637 273
168 997
646 491
469 146
30 43
391 383
16 847
172 965
193 35
147 731
121 950
754 192
378 306
643 503
202 310
583 476
473 191
34 751
249 472
867 503
238 279
478 258
223 606
641 3
734 769
71 141
333 208
514 825
329 711
21 509
985 883
426 956
59 811
283 460
315 309
940 150
761 905
511 419
422 984
753 505
646 508
716 825
650 331
394 583
92 331
566 415
723 430
241 992
452 782
91 876
378 119
24 32
451 139
476 888
393 225
733 229
406 391
722 450
385 409
740 116
883 829
259 659
651 606
740 852
80 456
575 832
216 811
950 952
840 19
244 426
8 585
976 977
779 766
175 50
518 516
346 268
927 401
359 957
810 578
386 99
283 242
53 962
266 851
222 356
782 106
691 466
796 142
909 19
69 927
444 84
352 587
340 142
99 631
210 51
502 261
504 596
910 786
989 557
913 176
634 212
30 48
190 677
696 178
458 451
888 765
704 902
44 240
872 396
447 495
757 434
382 950
88 261
170 645
173 429
641 436
484 160
837 24
554 26
478 534
651 12
266 366
958 356
104 662
158 182
968 552
854 267
528 703
348 942
371 50
486 873
33 365
741 970
349 871
757 295
660 827
545 408
116 926
589 855
390 221
125 99
366 358
61 979
921 246
296 761
987 644
9 783
105 20
243 102
750 454
633 0
409 410
336 178
386 525
98 277
376 776
134 223
202 94
340 548
309 475
120 637
420 296
669 481
584 877
332 912
913 334
96 965
496 674
551 432
62 882
658 650
225 790
885 144
692 428
255 225
862 354
2 375
209 634
512 23
936 145
831 196
513 201
227 927
711 9
243 778
780 773
564 901
398 6
786 449
26 90
796 41
769 889
875 151
174 978
123 739
935 462
15 954
233 801
810 242
21 944
718 54
307 801
807 634
435 705
148 945
987 461
702 296
447 756
86 578
669 622
436 209
515 957
758 452
694 748
44 568
974 715
869 114
748 282
339 28
974 183
997 487
784 313
421 699
629 583
557 507
716 299
608 994
446 583
683 366
286 492
560 727
842 261
895 429
809 590
126 234
74 783
448 123
174 210
793 869
376 804
103 351
697 444
27 63
429 495
987 62
790 715
328 547
328 632
574 575
162 138
273 52
527 236
446 722
591 702
506 591
942 320
764 961
24 991
486 144
206 805
872 474
373 996
980 201
128 54
544 907
959 290
526 169
891 487
541 324
268 835
507 47
360 210
554 271
767 736
541 40
866 974
322 413
966 592
646 303
210 95
385 542
711 521
360 264
940 955
142 901
948 208
771 649
272 660
396 325
717 40
366 937
703 584
176 688
343 669
116 174
716 905
427 854
470 427
382 787
41 762
971 524
525 989
2 94
771 798
190 398
688 488
424 556
596 743
764 600
126 940
845 881
87 842
270 624
764 557
319 4
881 805
146 642
88 406
204 148
899 859
700 746
302 939
682 476
77 899
191 798
31 555
398 36
13 118
675 20
24 777
582 995
989 905
664 80
229 78
937 220
967 480
419 989
466 269
520 453
603 895
450 711
100 635
753 200
220 113
890 429
776 597
502 824
904 117
195 518
739 485
317 485
474 706
975 88
893 292
187 848
559 497
132 990
190 659
772 237
666 763
360 14
190 794
912 214
733 447
932 459
944 472
178 602
690 771
63 505
705 584
81 603
593 265
276 565
802 135
898 49
415 821
967 610
177 606
405 879
339 910
734 689
291 635
406 264
121 982
566 470
73 827
92 999
564 18
505 368
769 366
539 756
366 537
495 507
386 543
805 900
589 77
713 539
803 881
863 471
941 925
752 781
780 366
384 196
916 344
62 890
646 686
223 954
461 364
908 718
970 199
277 713
605 559
440 342
813 408
685 655
436 107
473 789
985 568
912 210
100 902
940 327
281 98
462 515
585 742
293 722
788 555
114 922
616 393
153 907
562 430
889 839
980 351
919 362
572 318
572 184
863 24
474 512
27 144
238 289
11 964
519 883
806 799
544 985
892 422
204 698
889 807
158 93
808 221
539 429
613 732
109 111
975 476
972 583
872 354
318 562
446 236
387 837
823 252
26 932
982 67
874 231
324 223
444 384
814 484
217 984
447 427
256 326
909 423
777 228
143 134
370 96
285 941
545 109
393 108
528 571
802 375
950 402
787 479
963 395
731 601
380 532
858 178
601 988
217 768
254 731
827 712
653 976
85 112
573 198
121 479
206 101
855 276
755 157
904 994
947 70
603 635
813 328
316 461
581 767
498 885
949 187
163 677
141 602
152 601
432 66
167 626
902 638
147 375
369 9
431 51
38 317
645 34
848 204
971 313
551 781
969 821
850 500
455 484
85 991
58 959
585 517
508 577
952 839
848 7
59 322
991 280
666 449
653 636
301 866
648 976
797 204
705 969
805 647
991 512
471 243
760 49
978 409
248 620
628 931
605 449
729 39
488 596
584 747
614 142
118 237
442 614
935 268
267 147
659 740
983 258
659 482
243 96
716 638
921 492
941 696
735 526
474 22
769 224
718 58
295 735
349 836
456 737
236 284
377 724
982 247
82 360
808 994
632 325
169 525
573 905
431 462
484 309
885 257
315 606
693 603
439 962
52 43
679 248
972 640
888 56
769 306
300 322
647 577
454 284
189 817
279 28
689 972
229 116
74 574
177 896
859 767
162 968
216 263
903 194
602 188
847 143
465 371
301 499
784 113
282 107
135 325
298 913
381 176
750 879
776 455
575 279
248 987
250 89
283 816
357 505
649 886
609 204
703 114
579 262
370 839
165 861
775 857
34 815
694 156
964 136
416 822
809 891
980 664
832 411
269 616
854 189
393 918
32 815
78 449
288 612
825 448
657 805
620 952
109 691
828 667
489 425
316 596
612 651
414 648
264 444
634 683
953 118
934 379
828 986
950 12
812 117
922 127
80 469
513 895
562 541
966 693
289 403
406 634
282 253
697 173
856 547
17 683
63 810
148 951
315 891
360 450
929 479
301 635
530 9
550 166
859 444
199 868
502 500
753 606
779 137
684 802
486 987
149 53
357 901
144 649
451 24
504 505
492 381
390 157
323 22
818 293
513 182
34 17
623 16
505 139
941 754
94 541
594 779
32 595
245 951
976 177
34 48
429 832
989 526
900 172
817 312
846 718
735 330
698 880
19 359
465 203
744 312
444 559
507 339
642 476
5 752
152 970
802 39
917 582
106 791
455 817
535 923
253 301
181 271
982 952
507 552
217 447
359 252
943 661
489 866
970 937
908 847
238 122
56 710
854 156
973 162
437 309
611 861
132 43
347 144
697 466
265 854
458 914
927 624
842 401
339 768
615 164
639 247
309 206
362 47
562 163
473 687
548 999
42 84
580 32
498 389
596 277
543 764
740 54
808 822
591 935
451 499
98 558
764 90
490 407
571 478
518 52
403 396
832 66
451 798
539 412
690 949
65 135
542 585
760 806
93 350
849 703
261 544
987 947
706 378
208 477
881 277
25 726
145 636
434 857
270 596
897 974
461 312
249 963
769 3
353 9
712 214
758 554
853 326
704 97
574 560
189 264
991 807
444 215
72 488
84 878
204 694
6 981
944 666
21 256
617 65
279 727
281 330
656 390
487 135
695 712
976 414
221 884
451 319
807 17
248 524
218 891
225 452
470 577
185 521
587 844
571 802
484 218
608 204
339 140
852 448
862 386
623 181
852 435
453 74
950 660
903 701
505 169
98 480
2 328
172 635
437 589
159 743
947 922
414 120
568 639
377 619
152 782
569 0
427 4
664 374
427 377
898 920
400 933
261 996
983 402
343 785
880 421
695 855
975 179
818 461
80 895
677 548
900 584
589 598
973 327
705 605
525 400
685 603
952 278
680 298
83 935
708 376
231 963
143 755
569 206
453 313
213 1
586 482
80 114
441 175
780 53
806 498
454 306
584 491
790 406
693 616
992 873
189 754
861 575
133 684
349 430
432 586
68 563
677 18
545 149
554 470
969 325
983 360
852 423
181 919
888 642
867 226
980 232
808 56
740 194
976 941
880 90
5 408
778 948
449 682
152 675
1 4
716 473
896 336
256 568
562 77
656 496
728 782
838 988
182 536
830 931
373 159
919 710
10 730
412 50
725 812
168 916
742 78
415 884
805 638
68 23
519 719
501 724
712 247
136 692
975 247
758 318
380 700
430 677
79 390
202 194
462 805
883 722
607 204
843 650
673 412
483 263
339 544
792 985
677 51
650 280
598 4
704 408
86 978
720 134
328 517
322 275
997 790
995 558
560 604
368 190
805 234
778 852
189 144
547 922
554 866
870 198
606 152
130 574
60 44
562 203
478 388
530 236
146 475
432 877
419 707
293 800
4 224
720 423
346 193
411 268
818 252
405 281
207 424
821 887
90 619
359 735
323 568
396 242
119 470
529 828
980 891
467 822
245 985
178 188
808 943
196 590
223 626
402 601
840 783
754 223
310 931
851 114
356 634
456 247
75 827
718 985
807 56
393 186
726 404
348 571
513 886
512 544
497 89
224 266
842 689
620 978
92 152
138 472
71 448
628 594
579 147
555 346
884 738
143 948
871 962
848 491
387 737
826 712
979 236
925 50
28 821
973 898
722 473
273 112
58 793
940 901
600 638
376 847
147 484
799 519
362 19
108 647
712 749
337 934
336 691
512 263
513 716
189 837
301 235
28 815
716 360
998 321
168 316
153 726
598 668
687 952
951 960
62 147
81 663
706 399
14 769
837 218
408 527
762 27
194 709
69 143
464 262
931 419
146 984
652 84
388 96
56 691
838 691
707 118
870 271
40 413
984 884
764 878
257 392
101 878
21 451
65 523
942 485
470 996
80 440
536 122
166 820
512 945
63 4
276 571
984 285
170 668
898 968
712 286
164 155
958 814
689 186
671 24
20 983
424 493
968 453
625 312
257 134
138 489
60 673
958 766
435 397
365 480
766 333
841 78
244 283
469 151
527 933
268 140
986 548
353 692
357 954
88 978
820 966
991 578
345 880
277 302
134 132
817 995
425 253
536 10
162 21
306 5
497 689
589 574
619 483
437 294
625 976
294 877
456 445
325 286
588 153
637 955
950 722
327 806
817 375
396 863
868 331
372 54
628 366
201 314
608 247
223 991
868 233
678 518
156 676
181 356
311 96
170 170
977 613
340 498
361 146
829 88
142 230
948 201
515 770
18 149
492 124
709 593
463 361
389 740
96 619
715 571
741 759
724 886
384 70
568 64
152 97
327 397
951 294
416 627
129 466
942 434
380 621
334 652
744 843
815 724
295 840
951 530
768 388
811 675
91 504
602 731
129 243
889 281
909 80
898 657
444 38
11 841
845 824
667 346
70 589
781 482
365 717
457 84
111 133
638 268
0 202
445 592
873 481
913 686
343 782
172 811
4 787
963 184
882 849
790 631
465 952
21 923
7 182
668 478
99 118
672 658
250 451
932 117
155 123
906 845
8 851
638 430
614 13
214 602
585 848
800 357
280 402
937 821
652 640
110 605
263 751
202 783
252 513
636 486
683 760
611 894
325 691
56 601
555 291
140 623
980 492
895 292
466 612
604 184
789 118
869 715
850 404
917 423
909 454
214 905
152 944
987 825
779 829
472 396
19 334
827 964
257 351
963 74
258 723
841 920
987 47
803 62
837 837
291 720
977 98
42 858
35 481
662 381
777 814
149 135
99 796
499 976
402 356
431 815
735 660
59 624
38 722
911 862
934 875
973 554
412 263
745 367
749 448
262 407
542 526
675 763
91 994
350 526
341 493
153 134
758 76
150 212
74 797
24 61
616 8
624 998
717 28
828 369
128 818
345 443
206 671
17 372
898 298
143 367
853 240
668 297
861 612
761 171
232 288
648 785
135 200
581 272
993 853
671 409
204 122
145 368
92 411
61 162
881 343
935 204
853 735
347 603
774 67
707 460
245 359
559 355
980 381
586 492
254 973
95 609
330 458
221 240
402 422
765 282
839 284
19 700
656 44
463 718
178 782
493 170
526 775
508 405
897 506
479 94
56 151
962 927
167 386
160 183
818 922
558 278
978 657
53 929
999 986
121 517
687 177
304 966
371 565
423 813
259 621
124 255
182 315
53 86
270 701
975 214
492 88
97 533
462 822
161 502
19 461
990 634
600 59
624 295
460 324
945 48
303 719
387 421
508 837
538 440
6 130
570 514
399 850
673 19
521 214
675 186
820 893
952 18
665 420
744 928
328 125
844 41
463 983
172 583
24 323
805 711
577 382
233 727
746 328
542 906
92 619
864 570
588 264
684 168
449 253
378 781
174 777
113 574
158 637
312 285
348 534
916 469
196 277
606 149
407 294
914 148
718 851
115 130
299 658
911 152
933 748
877 641
216 459
449 990
276 726
260 761
231 624
902 176
678 427
74 508
8 85
937 340
470 79
737 404
556 121
869 1
642 841
301 747
89 210
936 750
863 365
342 196
725 94
874 244
104 403
840 948
288 464
543 129
534 758
880 281
634 90
284 101
200 276
487 585
687 290
7 775
324 550
645 349
945 49
804 871
819 401
866 644
774 459
569 409
42 660
102 801
903 676
305 386
971 455
97 144
919 658
561 105
806 243
644 206
77 752
153 448
445 248
707 371
781 219
231 628
430 175
204 333
720 685
140 509
653 43
54 238
695 924
168 615
173 501
253 164
613 602
850 759
130 58
629 909
889 263
439 860
193 319
4 995
504 265
661 497
735 509
433 715
682 782
283 953
118 855
809 889
648 83
141 11
920 130
746 122
982 161
481 185
532 527
145 837
334 36
897 806
873 421
555 330
636 555
762 839
728 106
189 571
582 728
858 682
804 854
15 604
141 138
665 848
686 673
61 162
968 372
146 958
641 193
748 701
892 277
383 862
433 620
348 924
606 15
221 559
163 410
548 237
85 657
330 565
728 123
848 744
702 48
594 346
47 695
972 342
557 940
912 707
631 990
358 261
820 237
999 579
168 335
992 547
465 606
81 675
771 545
945 929
275 473
169 539
882 675
967 493
553 439
781 231
492 184
774 139
71 664
352 773
321 591
197 696
371 786
683 279
560 142
968 628
168 188
215 489
334 402
193 534
765 887
72 974
466 610
274 198
971 889
480 978
675 292
430 30
661 398
893 113
742 221
761 213
702 262
664 976
862 388
276 857
831 628
238 700
898 649
538 864
843 869
514 371
401 518
916 296
762 62
635 161
374 504
118 749
77 76
817 782
639 940
568 93
793 822
824 806
670 43
912 362
85 865
383 778
75 486
900 652
813 837
693 888
637 188
616 811
945 714
6 433
878 584
758 574
732 23
66 582
297 755
620 331
461 382
869 356
8 536
725 121
9 173
713 418
581 998
713 330
115 526
462 71
646 346
369 221
803 730
485 788
119 100
483 106
814 580
469 704
825 822
347 194
965 835
185 61
743 546
425 898
970 210
556 887
108 968
698 926
714 264
716 536
994 185
117 199
255 808
982 938
133 81
268 329
390 450
348 453
704 485
696 773
661 26
346 252
530 121
385 396
932 244
781 454
653 926
734 251
189 261
694 68
398 674
124 314
119 140
626 473
246 823
201 674
926 259
733 547
944 809
53 470
924 228
155 187
438 930
191 241
310 627
302 885
199 60
200 778
251 318
494 178
852 850
461 695
595 131
940 194
665 891
119 345
884 941
871 626
868 322
302 62
299 530
590 604
382 498
169 790
321 986
188 15
62 525
656 649
844 657
900 948
646 861
802 372
998 530
205 26
88 218
748 507
463 388
238 338
481 197
183 759
774 154
679 371
373 837
846 688
636 569
782 747
119 634
165 584
610 469
688 370
229 51
791 436
127 692
889 381
141 608
762 425
148 267
456 793
481 873
442 303
402 470
104 224
161 873
342 621
991 123
174 30
467 572
264 317
699 594
554 506
283 192
811 668
813 783
657 268
571 295
765 99
676 973
846 221
843 837
960 540
571 186
759 135
804 390
984 23
881 503
47 890
910 516
300 859
127 723
370 957
408 50
375 135
357 84
921 573
113 200
386 234
721 684
74 497
521 525
381 410
652 754
271 428
639 562
638 923
880 766
816 8
496 640
77 191
764 205
757 998
232 878
914 143
993 305
831 989
751 514
620 212
992 404
318 243
166 632
750 956
317 398
39 567
110 813
18 116
466 227
457 775
270 51
356 723
712 263
129 539
751 816
220 102
345 744
728 538
847 512
910 478
397 164
329 301
417 508
87 347
474 236
639 896
619 744
360 995
535 684
500 841
943 638
734 720
610 289
801 462
941 809
973 63
365 338
198 302
1 134
370 637
533 475
572 9
357 505
189 932
773 244
882 41
761 69
358 617
431 723
533 511
574 724
415 858
513 939
74 965
603 514
342 796
158 488
993 266
550 515
759 534
575 675
744 993
962 688
764 102
613 394
118 649
507 188
479 533
499 372
239 553
702 454
294 581
199 860
375 640
174 749
424 486
479 102
142 169
623 442
188 906
555 237
777 658
192 63
787 256
162 43
849 26
959 864
724 143
783 158
907 451
289 958
412 332
853 768
562 554
461 476
65 102
761 16
431 842
451 305
348 571
597 613
829 197
340 557
715 553
356 476
434 623
307 645
765 198
752 512
988 680
134 565
582 406
248 895
200 365
936 699
664 900
97 886
443 493
398 790
266 510
133 754
751 52
250 792
656 869
901 354
920 997
403 35
931 854
571 651
703 483
384 860
746 367
861 481
623 189
699 259
366 241
293 185
329 469
338 895
250 986
983 239
275 170
24 386
389 558
41 595
455 92
460 425
259 553
742 673
932 234
476 794
331 650
120 769
665 12
350 458
50 267
437 333
71 677
235 813
760 813
905 628
406 568
121 717
742 665
251 216
10 27
677 727
849 693
705 797
608 514
133 408
93 10
687 922
735 165
330 274
902 495
63 587
305 660
325 537
753 399
426 577
656 115
808 104
253 505
371 865
273 213
223 504
426 719
236 910
536 513
9 566
153 439
99 424
961 810
210 777
706 714
829 636
740 714
220 989
207 346
559 591
448 832
551 783
45 874
388 787
353 582
373 749
525 859
669 824
953 487
553 879
868 659
726 735
76 960
306 946
889 283
468 866
1 337
564 371
159 46
628 304
405 864
75 1
826 930
417 745
976 779
791 323
58 844
157 869
815 486
770 463
681 56
746 590
961 682
81 310
966 472
337 709
63 371
301 764
509 241
372 71
746 838
34 515
384 804
290 191
655 551
608 412
354 688
371 354
16 316
788 804
513 982
353 477
242 928
169 6
429 103
941 894
409 175
331 976
519 794
697 974
738 174
863 305
11 93
409 586
390 27
361 549
379 255
-1
-1
-1
-1
-1
-1
-1
-1
-1
-1
-1
-1
-1
-1
-1
-1
-1
-1
-1
-1
-1
-1
-1
-1
-1
-1
-1
-1
-1
-1
-1
-1
-1
-1
-1
-1
-1
-1
-1
-1
-1
-1
-1
-1
-1
-1
-1
-1
-1
-1
-1
-1
-1
-1
-1
-1
-1
-1
-1
-1
-1
-1
-1
-1
-1
-1
-1
-1
-1
-1
-1
-1
-1
-1
-1
-1
-1
-1
-1
-1
-1
-1
-1
-1
-1
-1
-1
-1
-1
-1
-1
-1
-1
-1
-1
-1
-1
-1
-1
-1
-1
-1
-1
-1
-1
-1
-1
-1
-1
-1
-1
-1
-1
-1
-1
-1
-1
-1
-1
-1
-1
-1
-1
-1
-1
-1
-1
-1
-1
-1
-1
-1
-1
-1
-1
-1
-1
-1
-1
-1
-1
-1
-1
-1
-1
-1
-1
-1
-1
-1
-1
-1
-1
-1
-1
-1
-1
-1
-1
-1
-1
-1
-1
-1
-1
-1
-1
-1
-1
-1
-1
-1
-1
-1
-1
-1
-1
-1
-1
-1
-1
-1
-1
-1
-1
-1
-1
-1
-1
-1
-1
-1
-1
-1
-1
-1
-1
-1
-1
-1
-1
-1
-1
-1
-1
-1
-1
-1
-1
-1
-1
-1
-1
-1
-1
-1
-1
-1
-1
-1
-1
-1
-1
-1
-1
-1
-1
-1
-1
-1
-1
-1
-1
-1
-1
-1
-1
-1
-1
-1
-1
-1
-1
-1
-1
-1
-1
-1
-1
-1
-1
-1
-1
-1
-1
-1
-1
-1
-1
-1
-1
-1
-1
-1
-1
-1
-1
-1
-1
-1
-1
-1
-1
-1
-1
-1
-1
-1
-1
-1
-1
-1
-1
-1
-1
-1
-1
-1
-1
-1
-1
-1
-1
-1
-1
-1
-1
-1
-1
-1
-1
-1
-1
-1
-1
-1
-1
-1
-1
-1
-1
-1
-1
-1
-1
-1
-1
-1
-1
-1
-1
-1
-1
-1
-1
-1
-1
-1
-1
-1
-1
-1
-1
-1
-1
-1
-1
-1
-1
-1
-1
-1
-1
-1
-1
-1
-1
-1
-1
-1
-1
-1
-1
-1
-1
-1
-1
-1
-1
-1
-1
-1
-1
-1
-1
-1
-1
-1
-1
-1
-1
-1
-1
-1
-1
-1
-1
-1
-1
-1
-1
-1
-1
-1
-1
-1
-1
-1
-1
-1
-1
-1
-1
-1
-1
-1
-1
-1
-1
-1
-1
-1
-1
-1
-1
-1
-1
-1
-1
-1
-1
-1
-1
-1
-1
-1
-1
-1
-1
-1
-1
-1
-1
-1
-1
-1
-1
-1
-1
-1
-1
-1
-1
-1
-1
-1
-1
-1
-1
-1
-1
-1
-1
-1
-1
-1
-1
-1
-1
-1
-1
-1
-1
-1
-1
-1
-1
-1
-1
-1
-1
-1
-1
-1
-1
-1
-1
-1
-1
-1
-1
-1
-1
-1
-1
-1
-1
-1
-1
-1
-1
-1
-1
-1
-1
-1
-1
-1
-1
-1
-1
-1
-1
-1
-1
-1
-1
-1
-1
-1
-1
-1
-1
-1
-1
-1
-1
-1
-1
-1
-1
-1
-1
-1
-1
-1
-1
-1
-1
-1
-1
-1
-1
-1
-1
-1
-1
-1
-1
-1
-1
-1
-1
-1
-1
-1
-1
-1
-1
-1
-1
-1
-1
-1
-1
-1
-1
-1
-1
-1
-1
-1
-1
-1
-1
-1
-1
-1
-1
-1
-1
-1
-1
-1
-1
-1
-1
-1
-1
-1
-1
-1
-1
-1
-1
-1
-1
-1
-1
-1
-1
-1
-1
-1
-1
-1
-1
-1
-1
-1
-1
-1
-1
-1
-1
-1
-1
-1
-1
-1
-1
-1
-1
-1
-1
-1
-1
-1
-1
-1
-1
-1
-1
-1
-1
-1
-1
-1
-1
-1
-1
-1
-1
-1
-1
-1
-1
-1
-1
-1
-1
-1
-1
-1
-1
-1
-1
-1
-1
-1
-1
-1
-1
-1
-1
-1
-1
-1
-1
-1
-1
-1
-1
-1
-1
-1
-1
-1
-1
-1
-1
-1
-1
-1
-1
-1
-1
-1
-1
-1
-1
-1
-1
-1
-1
-1
-1
-1
-1
-1
-1
-1
-1
-1
-1
-1
-1
-1
-1
-1
-1
-1
-1
-1
-1
-1
-1
-1
-1
-1
-1
-1
-1
-1
-1
-1
-1
-1
-1
-1
-1
-1
-1
-1
-1
-1
-1
-1
-1
-1
-1
-1
-1
-1
-1
-1
-1
-1
-1
-1
-1
-1
-1
-1
-1
-1
-1
-1
-1
-1
-1
-1
-1
-1
-1
-1
-1
-1
-1
-1
-1
-1
-1
-1
-1
-1
-1
-1
-1
-1
-1
-1
-1
-1
-1
-1
-1
-1
-1
-1
-1
-1
-1
-1
-1
-1
-1
-1
-1
-1
-1
-1
-1
-1
-1
-1
-1
-1
-1
-1
-1
-1
-1
-1
-1
-1
-1
-1
-1
-1
-1
-1
-1
-1
-1
-1
-1
-1
-1
-1
-1
-1
-1
-1
-1
-1
-1
-1
-1
-1
-1
-1
-1
-1
-1
-1
-1
-1
-1
-1
-1
-1
-1
-1
-1
-1
-1
-1
-1
-1
-1
-1
-1
-1
-1
-1
-1
-1
-1
-1
-1
-1
-1
-1
-1
-1
-1
-1
-1
-1
-1
-1
-1
-1
-1
-1
-1
-1
-1
-1
-1
-1
-1
-1
-1
-1
-1
-1
-1
-1
-1
-1
-1
-1
-1
-1
-1
-1
-1
-1
-1
-1
-1
-1
-1
-1
-1
-1
-1
-1
-1
-1
-1
-1
-1
-1
-1
-1
-1
-1
-1
-1
-1
-1
-1
-1
-1
-1
-1
-1
-1
-1
-1
-1
-1
-1
-1
-1
-1
-1
-1
-1
-1
-1
-1
-1
-1
-1
-1
-1
-1
-1
-1
-1
-1
-1
-1
-1
-1
-1
-1
-1
-1
-1
-1
-1
-1
-1
-1
-1
-1
-1
-1
-1
-1
-1
-1
-1
-1
-1
-1
-1
-1
-1
-1
-1
-1
-1
-1
-1
-1
-1
-1
-1
-1
-1
-1
-1
-1
-1
-1
-1
-1
-1
-1
-1
-1
-1
-1
-1
